11.7748 	EXP 	Created window1 = Window(allowGUI=True, allowStencil=False, autoLog=True, backendConf=UNKNOWN, backgroundFit=<method-wrapper '__getattribute__' of attributeSetter object at 0x000002A385298970>, backgroundImage=<method-wrapper '__getattribute__' of attributeSetter object at 0x000002A385298910>, bitsMode=UNKNOWN, blendMode='avg', bpc=(8, 8, 8), color=array([0, 0, 0]), colorSpace='rgb', depthBits=8, fullscr=<method-wrapper '__getattribute__' of attributeSetter object at 0x000002A385298640>, gamma=None, gammaErrorPolicy='raise', lms=UNKNOWN, monitor=<psychopy.monitors.calibTools.Monitor object at 0x000002A3867922B0>, multiSample=False, name='window1', numSamples=2, pos=(0, 0), screen=0, size=array([1920, 1080]), stencilBits=0, stereo=False, units='height', useFBO=True, useRetina=False, viewOri=0.0, viewPos=None, viewScale=None, waitBlanking=True, winType='pyglet')
11.7749 	EXP 	window1: mouseVisible = True
11.7749 	EXP 	window1: backgroundImage = ''
11.7749 	EXP 	window1: backgroundFit = 'none'
11.7749 	EXP 	window1: mouseVisible = False
11.7749 	EXP 	window1: Attempting to measure frame rate of screen (0) ...
11.7750 	EXP 	window1: recordFrameIntervals = False
11.9409 	EXP 	window1: recordFrameIntervals = True
12.1243 	EXP 	Screen (0) actual frame rate measured at 60.04Hz
12.1243 	EXP 	window1: recordFrameIntervals = False
13.4907 	EXP 	Created calib_instr_text = TextStim(__class__=<class 'psychopy.visual.text.TextStim'>, alignHoriz=method-wrapper(...), alignText='center', alignVert=method-wrapper(...), anchorHoriz='center', anchorVert='center', antialias=True, autoDraw=False, autoLog=True, bold=False, color=array([1., 1., 1.]), colorSpace='rgb', contrast=1.0, depth=0.0, flipHoriz=False, flipVert=False, font='Open Sans', fontFiles=[], height=0.05, italic=False, languageStyle='LTR', name='calib_instr_text', opacity=1.0, ori=0.0, pos=array([0., 0.]), rgb=UNKNOWN, text=str(...), units='height', win=Window(...), wrapWidth=1)
13.4913 	EXP 	Created calib_text = TextStim(__class__=<class 'psychopy.visual.text.TextStim'>, alignHoriz=method-wrapper(...), alignText='center', alignVert=method-wrapper(...), anchorHoriz='center', anchorVert='center', antialias=True, autoDraw=False, autoLog=True, bold=False, color=array([1., 1., 1.]), colorSpace='rgb', contrast=1.0, depth=-1.0, flipHoriz=False, flipVert=False, font='Open Sans', fontFiles=[], height=0.05, italic=False, languageStyle='LTR', name='calib_text', opacity=1.0, ori=0.0, pos=array([0., 0.]), rgb=UNKNOWN, text='', units='height', win=Window(...), wrapWidth=1)
13.4974 	EXP 	Created text = TextStim(__class__=<class 'psychopy.visual.text.TextStim'>, alignHoriz=method-wrapper(...), alignText='center', alignVert=method-wrapper(...), anchorHoriz='center', anchorVert='center', antialias=True, autoDraw=False, autoLog=True, bold=False, color=array([1., 1., 1.]), colorSpace='rgb', contrast=1.0, depth=0.0, flipHoriz=False, flipVert=False, font='Open Sans', fontFiles=[], height=0.05, italic=False, languageStyle='LTR', name='text', opacity=1.0, ori=0.0, pos=array([0., 0.]), rgb=UNKNOWN, text=str(...), units='height', win=Window(...), wrapWidth=1)
14.0517 	EXP 	Created job_description = ImageStim(__class__=<class 'psychopy.visual.image.ImageStim'>, anchor=('center', 'center'), autoLog=True, color=array([1., 1., 1.]), colorSpace='rgb', contrast=1.0, depth=0.0, flipHoriz=False, flipVert=False, image='Eye Tracking Expeirement Job App.png', interpolate=True, mask=None, maskParams=None, name='job_description', opacity=1.0, ori=0.0, pos=array([0., 0.]), size=array([0.8, 0.8]), texRes=128.0, units='height', win=Window(...))
14.0767 	EXP 	Created image = ImageStim(__class__=<class 'psychopy.visual.image.ImageStim'>, anchor=('center', 'center'), autoLog=True, color=array([1., 1., 1.]), colorSpace='rgb', contrast=1.0, depth=0.0, flipHoriz=False, flipVert=False, image='default.png', interpolate=True, mask=None, maskParams=None, name='image', opacity=1.0, ori=0.0, pos=array([0., 0.]), size=array([1., 1.]), texRes=128.0, units='height', win=Window(...))
14.0817 	EXP 	Created candidate_rating_question = TextStim(__class__=<class 'psychopy.visual.text.TextStim'>, alignHoriz=method-wrapper(...), alignText='center', alignVert=method-wrapper(...), anchorHoriz='center', anchorVert='center', antialias=True, autoDraw=False, autoLog=True, bold=False, color=array([1., 1., 1.]), colorSpace='rgb', contrast=1.0, depth=0.0, flipHoriz=False, flipVert=False, font='Open Sans', fontFiles=[], height=0.05, italic=False, languageStyle='LTR', name='candidate_rating_question', opacity=1.0, ori=0.0, pos=array([0., 0.]), rgb=UNKNOWN, text=str(...), units='height', win=Window(...), wrapWidth=1)
14.0861 	EXP 	window1: mouseVisible = True
14.0960 	EXP 	Created candidate_rating = Slider(__class__=<class 'psychopy.visual.slider.Slider'>, autoDraw=False, autoLog=True, borderColor=None, color=None, colorSpace='rgb', depth=-1, fillColor=None, flip=False, font='Open Sans', granularity=0.0, labelColor=None, labelHeight=0.05, labelWrapWidth=None, labels=None, lineColor=None, markerColor=None, name='candidate_rating', opacity=None, ori=0.0, pos=array([ 0. , -0.4]), readOnly=False, self=UNKNOWN, size=array([1. , 0.1]), startValue=None, style='rating', styleTweaks=[], ticks=array([1, 2, 3, 4, 5]), units='height', win=Window(...))
14.0984 	EXP 	Created image_clarity_question = TextStim(__class__=<class 'psychopy.visual.text.TextStim'>, alignHoriz=method-wrapper(...), alignText='center', alignVert=method-wrapper(...), anchorHoriz='center', anchorVert='center', antialias=True, autoDraw=False, autoLog=True, bold=False, color=array([1., 1., 1.]), colorSpace='rgb', contrast=1.0, depth=0.0, flipHoriz=False, flipVert=False, font='Open Sans', fontFiles=[], height=0.05, italic=False, languageStyle='LTR', name='image_clarity_question', opacity=1.0, ori=0.0, pos=array([0., 0.]), rgb=UNKNOWN, text=str(...), units='height', win=Window(...), wrapWidth=1)
14.1005 	EXP 	window1: mouseVisible = True
14.1104 	EXP 	Created image_clarity_rating = Slider(__class__=<class 'psychopy.visual.slider.Slider'>, autoDraw=False, autoLog=True, borderColor=None, color=None, colorSpace='rgb', depth=-1, fillColor=None, flip=False, font='Open Sans', granularity=0.0, labelColor=None, labelHeight=0.05, labelWrapWidth=None, labels=None, lineColor=None, markerColor=None, name='image_clarity_rating', opacity=None, ori=0.0, pos=array([ 0. , -0.4]), readOnly=False, self=UNKNOWN, size=array([1. , 0.1]), startValue=None, style='rating', styleTweaks=[], ticks=array([1, 2, 3, 4, 5]), units='height', win=Window(...))
14.1144 	EXP 	Created comprehension_question = TextStim(__class__=<class 'psychopy.visual.text.TextStim'>, alignHoriz=method-wrapper(...), alignText='center', alignVert=method-wrapper(...), anchorHoriz='center', anchorVert='center', antialias=True, autoDraw=False, autoLog=True, bold=False, color=array([1., 1., 1.]), colorSpace='rgb', contrast=1.0, depth=0.0, flipHoriz=False, flipVert=False, font='Open Sans', fontFiles=[], height=0.05, italic=False, languageStyle='LTR', name='comprehension_question', opacity=1.0, ori=0.0, pos=array([0., 0.]), rgb=UNKNOWN, text=str(...), units='height', win=Window(...), wrapWidth=1)
14.1165 	EXP 	window1: mouseVisible = True
14.1263 	EXP 	Created comprehension_rating = Slider(__class__=<class 'psychopy.visual.slider.Slider'>, autoDraw=False, autoLog=True, borderColor=None, color=None, colorSpace='rgb', depth=-1, fillColor=None, flip=False, font='Open Sans', granularity=0.0, labelColor=None, labelHeight=0.05, labelWrapWidth=None, labels=None, lineColor=None, markerColor=None, name='comprehension_rating', opacity=None, ori=0.0, pos=array([ 0. , -0.4]), readOnly=False, self=UNKNOWN, size=array([1. , 0.1]), startValue=None, style='rating', styleTweaks=[], ticks=array([1, 2, 3, 4, 5]), units='height', win=Window(...))
14.1302 	EXP 	Created text = TextStim(__class__=<class 'psychopy.visual.text.TextStim'>, alignHoriz=method-wrapper(...), alignText='center', alignVert=method-wrapper(...), anchorHoriz='center', anchorVert='center', antialias=True, autoDraw=False, autoLog=True, bold=False, color=array([1., 1., 1.]), colorSpace='rgb', contrast=1.0, depth=0.0, flipHoriz=False, flipVert=False, font='Open Sans', fontFiles=[], height=0.05, italic=False, languageStyle='LTR', name='text', opacity=1.0, ori=0.0, pos=array([0., 0.]), rgb=UNKNOWN, text=str(...), units='height', win=Window(...), wrapWidth=1)
14.6732 	EXP 	Created job_description = ImageStim(__class__=<class 'psychopy.visual.image.ImageStim'>, anchor=('center', 'center'), autoLog=True, color=array([1., 1., 1.]), colorSpace='rgb', contrast=1.0, depth=0.0, flipHoriz=False, flipVert=False, image='Eye Tracking Expeirement Job App.png', interpolate=True, mask=None, maskParams=None, name='job_description', opacity=1.0, ori=0.0, pos=array([0., 0.]), size=array([0.8, 0.8]), texRes=128.0, units='height', win=Window(...))
14.6816 	EXP 	Created image_2 = ImageStim(__class__=<class 'psychopy.visual.image.ImageStim'>, anchor=('center', 'center'), autoLog=True, color=array([1., 1., 1.]), colorSpace='rgb', contrast=1.0, depth=0.0, flipHoriz=False, flipVert=False, image='default.png', interpolate=True, mask=None, maskParams=None, name='image_2', opacity=1.0, ori=0.0, pos=array([0., 0.]), size=array([1., 1.]), texRes=128.0, units='height', win=Window(...))
14.6841 	EXP 	Created candidate_rating_question = TextStim(__class__=<class 'psychopy.visual.text.TextStim'>, alignHoriz=method-wrapper(...), alignText='center', alignVert=method-wrapper(...), anchorHoriz='center', anchorVert='center', antialias=True, autoDraw=False, autoLog=True, bold=False, color=array([1., 1., 1.]), colorSpace='rgb', contrast=1.0, depth=0.0, flipHoriz=False, flipVert=False, font='Open Sans', fontFiles=[], height=0.05, italic=False, languageStyle='LTR', name='candidate_rating_question', opacity=1.0, ori=0.0, pos=array([0., 0.]), rgb=UNKNOWN, text=str(...), units='height', win=Window(...), wrapWidth=1)
14.6863 	EXP 	window1: mouseVisible = True
14.6958 	EXP 	Created candidate_rating = Slider(__class__=<class 'psychopy.visual.slider.Slider'>, autoDraw=False, autoLog=True, borderColor=None, color=None, colorSpace='rgb', depth=-1, fillColor=None, flip=False, font='Open Sans', granularity=0.0, labelColor=None, labelHeight=0.05, labelWrapWidth=None, labels=None, lineColor=None, markerColor=None, name='candidate_rating', opacity=None, ori=0.0, pos=array([ 0. , -0.4]), readOnly=False, self=UNKNOWN, size=array([1. , 0.1]), startValue=None, style='rating', styleTweaks=[], ticks=array([1, 2, 3, 4, 5]), units='height', win=Window(...))
14.7058 	EXP 	Created image_clarity_question = TextStim(__class__=<class 'psychopy.visual.text.TextStim'>, alignHoriz=method-wrapper(...), alignText='center', alignVert=method-wrapper(...), anchorHoriz='center', anchorVert='center', antialias=True, autoDraw=False, autoLog=True, bold=False, color=array([1., 1., 1.]), colorSpace='rgb', contrast=1.0, depth=0.0, flipHoriz=False, flipVert=False, font='Open Sans', fontFiles=[], height=0.05, italic=False, languageStyle='LTR', name='image_clarity_question', opacity=1.0, ori=0.0, pos=array([0., 0.]), rgb=UNKNOWN, text=str(...), units='height', win=Window(...), wrapWidth=1)
14.7079 	EXP 	window1: mouseVisible = True
14.7173 	EXP 	Created image_clarity_rating = Slider(__class__=<class 'psychopy.visual.slider.Slider'>, autoDraw=False, autoLog=True, borderColor=None, color=None, colorSpace='rgb', depth=-1, fillColor=None, flip=False, font='Open Sans', granularity=0.0, labelColor=None, labelHeight=0.05, labelWrapWidth=None, labels=None, lineColor=None, markerColor=None, name='image_clarity_rating', opacity=None, ori=0.0, pos=array([ 0. , -0.4]), readOnly=False, self=UNKNOWN, size=array([1. , 0.1]), startValue=None, style='rating', styleTweaks=[], ticks=array([1, 2, 3, 4, 5]), units='height', win=Window(...))
14.7202 	EXP 	Created comprehension_question = TextStim(__class__=<class 'psychopy.visual.text.TextStim'>, alignHoriz=method-wrapper(...), alignText='center', alignVert=method-wrapper(...), anchorHoriz='center', anchorVert='center', antialias=True, autoDraw=False, autoLog=True, bold=False, color=array([1., 1., 1.]), colorSpace='rgb', contrast=1.0, depth=0.0, flipHoriz=False, flipVert=False, font='Open Sans', fontFiles=[], height=0.05, italic=False, languageStyle='LTR', name='comprehension_question', opacity=1.0, ori=0.0, pos=array([0., 0.]), rgb=UNKNOWN, text=str(...), units='height', win=Window(...), wrapWidth=1)
14.7224 	EXP 	window1: mouseVisible = True
14.7317 	EXP 	Created comprehension_rating = Slider(__class__=<class 'psychopy.visual.slider.Slider'>, autoDraw=False, autoLog=True, borderColor=None, color=None, colorSpace='rgb', depth=-1, fillColor=None, flip=False, font='Open Sans', granularity=0.0, labelColor=None, labelHeight=0.05, labelWrapWidth=None, labels=None, lineColor=None, markerColor=None, name='comprehension_rating', opacity=None, ori=0.0, pos=array([ 0. , -0.4]), readOnly=False, self=UNKNOWN, size=array([1. , 0.1]), startValue=None, style='rating', styleTweaks=[], ticks=array([1, 2, 3, 4, 5]), units='height', win=Window(...))
14.7414 	EXP 	candidate_rating: autoLog = True
14.7414 	EXP 	candidate_rating: markerPos = None
14.7414 	EXP 	candidate_rating: styleTweaks = []
14.7414 	EXP 	candidate_rating: styleTweaks = []
14.7414 	EXP 	candidate_rating: styleTweaks = []
14.7414 	EXP 	candidate_rating: styleTweaks = []
14.7414 	EXP 	candidate_rating: contrast = 1.0
14.7414 	EXP 	candidate_rating: autoLog = True
14.7414 	EXP 	image_clarity_rating: autoLog = True
14.7414 	EXP 	image_clarity_rating: markerPos = None
14.7414 	EXP 	image_clarity_rating: styleTweaks = []
14.7414 	EXP 	image_clarity_rating: styleTweaks = []
14.7414 	EXP 	image_clarity_rating: styleTweaks = []
14.7414 	EXP 	image_clarity_rating: styleTweaks = []
14.7414 	EXP 	image_clarity_rating: contrast = 1.0
14.7414 	EXP 	image_clarity_rating: autoLog = True
14.7414 	EXP 	comprehension_rating: autoLog = True
14.7414 	EXP 	comprehension_rating: markerPos = None
14.7414 	EXP 	comprehension_rating: styleTweaks = []
14.7414 	EXP 	comprehension_rating: styleTweaks = []
14.7414 	EXP 	comprehension_rating: styleTweaks = []
14.7414 	EXP 	comprehension_rating: styleTweaks = []
14.7414 	EXP 	comprehension_rating: contrast = 1.0
14.7414 	EXP 	comprehension_rating: autoLog = True
14.7414 	EXP 	candidate_rating: autoLog = True
14.7414 	EXP 	candidate_rating: markerPos = None
14.7414 	EXP 	candidate_rating: styleTweaks = []
14.7414 	EXP 	candidate_rating: styleTweaks = []
14.7414 	EXP 	candidate_rating: styleTweaks = []
14.7414 	EXP 	candidate_rating: styleTweaks = []
14.7414 	EXP 	candidate_rating: contrast = 1.0
14.7414 	EXP 	candidate_rating: autoLog = True
14.7414 	EXP 	image_clarity_rating: autoLog = True
14.7414 	EXP 	image_clarity_rating: markerPos = None
14.7414 	EXP 	image_clarity_rating: styleTweaks = []
14.7414 	EXP 	image_clarity_rating: styleTweaks = []
14.7414 	EXP 	image_clarity_rating: styleTweaks = []
14.7414 	EXP 	image_clarity_rating: styleTweaks = []
14.7414 	EXP 	image_clarity_rating: contrast = 1.0
14.7414 	EXP 	image_clarity_rating: autoLog = True
14.7414 	EXP 	comprehension_rating: autoLog = True
14.7414 	EXP 	comprehension_rating: markerPos = None
14.7414 	EXP 	comprehension_rating: styleTweaks = []
14.7414 	EXP 	comprehension_rating: styleTweaks = []
14.7414 	EXP 	comprehension_rating: styleTweaks = []
14.7414 	EXP 	comprehension_rating: styleTweaks = []
14.7414 	EXP 	comprehension_rating: contrast = 1.0
14.7414 	EXP 	comprehension_rating: autoLog = True
14.7414 	EXP 	calib_instr_text: autoDraw = True
18.6916 	EXP 	Created sequence: sequential, trialTypes=1, nReps=10, seed=None
18.6917 	EXP 	New trial (rep=0, index=0): None
18.6934 	EXP 	Created calibrationTarget = ShapeStim(__class__=<class 'psychopy.visual.shape.ShapeStim'>, anchor=('center', 'center'), autoDraw=False, autoLog=True, closeShape=True, color=method-wrapper(...), colorSpace='rgb', contrast=None, depth=0, fillColor=array([0, 0, 0]), fillColorSpace='rgb', fillRGB=array([0, 0, 0]), interpolate=True, lineColor=array([-1., -1., -1.]), lineColorSpace='rgb', lineRGB=array([-1, -1, -1]), lineWidth=2.0, name='calibrationTarget', opacity=1.0, ori=0.0, pos=array([0., 0.]), size=array([0.02, 0.02]), units='height', vertices=ndarray(...), win=Window(...), windingRule=None)
18.6950 	EXP 	Created calibrationTargetInner = ShapeStim(__class__=<class 'psychopy.visual.shape.ShapeStim'>, anchor=('center', 'center'), autoDraw=False, autoLog=True, closeShape=True, color=method-wrapper(...), colorSpace='rgb', contrast=None, depth=0, fillColor=array([-1.        ,  0.00392157, -1.        ]), fillColorSpace='rgb', fillRGB=array([-1.        ,  0.00392157, -1.        ]), interpolate=True, lineColor=array([-1., -1., -1.]), lineColorSpace='rgb', lineRGB=array([-1, -1, -1]), lineWidth=2.0, name='calibrationTargetInner', opacity=1.0, ori=0.0, pos=array([0., 0.]), size=array([0.007, 0.007]), units='height', vertices=ndarray(...), win=Window(...), windingRule=None)
44.8292 	DATA 	Keypress: space
44.8323 	EXP 	calib_instr_text: autoDraw = False
44.8344 	EXP 	Created validationTarget = ShapeStim(__class__=<class 'psychopy.visual.shape.ShapeStim'>, anchor=('center', 'center'), autoDraw=False, autoLog=True, closeShape=True, color=method-wrapper(...), colorSpace='rgb', contrast=None, depth=0, fillColor=array([0, 0, 0]), fillColorSpace='rgb', fillRGB=array([0, 0, 0]), interpolate=True, lineColor=array([-1., -1., -1.]), lineColorSpace='rgb', lineRGB=array([-1, -1, -1]), lineWidth=2.0, name='validationTarget', opacity=1.0, ori=0.0, pos=array([0., 0.]), size=array([0.02, 0.02]), units='height', vertices=ndarray(...), win=Window(...), windingRule=None)
44.8360 	EXP 	Created validationTargetInner = ShapeStim(__class__=<class 'psychopy.visual.shape.ShapeStim'>, anchor=('center', 'center'), autoDraw=False, autoLog=True, closeShape=True, color=method-wrapper(...), colorSpace='rgb', contrast=None, depth=0, fillColor=array([-1.        ,  0.00392157, -1.        ]), fillColorSpace='rgb', fillRGB=array([-1.        ,  0.00392157, -1.        ]), interpolate=True, lineColor=array([-1., -1., -1.]), lineColorSpace='rgb', lineRGB=array([-1, -1, -1]), lineWidth=2.0, name='validationTargetInner', opacity=1.0, ori=0.0, pos=array([0., 0.]), size=array([0.007, 0.007]), units='height', vertices=ndarray(...), win=Window(...), windingRule=None)
45.1204 	EXP 	Created unnamed GratingStim = GratingStim(__class__=<class 'psychopy.visual.grating.GratingStim'>, anchor='center', autoDraw=False, autoLog=True, blendmode='avg', color=array([-1.        ,  0.00392157, -1.        ]), colorSpace='rgb', contrast=1.0, depth=0, interpolate=False, mask='gauss', maskParams=None, name='unnamed GratingStim', opacity=0.8, ori=0.0, phase=array([0., 0.]), pos=array([0., 0.]), rgbPedestal=array([0., 0., 0.]), sf=array([0.00981534, 0.00981534]), size=array([101.881344, 101.881344]), tex=None, texRes=128, units='pix', win=Window(...))
64.4934 	EXP 	Created unnamed TextStim = TextStim(__class__=<class 'psychopy.visual.text.TextStim'>, alignHoriz=method-wrapper(...), alignText='center', alignVert=method-wrapper(...), anchorHoriz='center', anchorVert='center', antialias=True, autoDraw=False, autoLog=True, bold=False, color=array([0., 0., 0.]), colorSpace='rgb255', contrast=1.0, depth=0, flipHoriz=False, flipVert=False, font='', fontFiles=[], height=24.0, italic=False, languageStyle='LTR', name='unnamed TextStim', opacity=1.0, ori=0.0, pos=array([  0., 513.]), rgb=UNKNOWN, text=str(...), units='pix', win=Window(...), wrapWidth=1536.0)
64.4983 	EXP 	Created unnamed TextStim = TextStim(__class__=<class 'psychopy.visual.text.TextStim'>, alignHoriz=method-wrapper(...), alignText='center', alignVert=method-wrapper(...), anchorHoriz='center', anchorVert='center', antialias=True, autoDraw=False, autoLog=True, bold=True, color=array([0., 0., 0.]), colorSpace='rgb255', contrast=1.0, depth=0, flipHoriz=False, flipVert=False, font='', fontFiles=[], height=20.0, italic=False, languageStyle='LTR', name='unnamed TextStim', opacity=1.0, ori=0.0, pos=array([   0., -513.]), rgb=UNKNOWN, text='Press SPACE to continue.', units='pix', win=Window(...), wrapWidth=1536.0)
67.4120 	DATA 	Keypress: space
67.4232 	EXP 	calib_text: height = 0.05
67.4232 	EXP 	calib_text: height = 0.05
67.4232 	EXP 	calib_text: height = 0.05
67.4232 	EXP 	calib_text: text = 'Average error is: 77.920000\n\nValid points: 9\n\nRecalibrate (y/n)?'
67.4232 	EXP 	calib_text: autoDraw = True
70.4197 	EXP 	Imported exp1_stim.csv as conditions, 2 conditions, 1 params
70.4199 	EXP 	Created sequence: random, trialTypes=2, nReps=1, seed=None
70.4200 	EXP 	New trial (rep=0, index=0): OrderedDict([('exp1_stim', './stimuli/Resume1.png')])
70.4210 	DATA 	Keypress: n
70.4232 	EXP 	calib_text: autoDraw = False
70.4232 	EXP 	text: autoDraw = True
83.4740 	DATA 	Keypress: space
83.4895 	EXP 	text: autoDraw = False
83.4895 	EXP 	job_description: autoDraw = True
103.8102 	EXP 	eyetracker.clearEvents()
103.8157 	EXP 	eyetracker.setRecordingState(True)
103.8164 	DATA 	Keypress: space
103.8225 	EXP 	job_description: autoDraw = False
103.8225 	EXP 	image: image = './stimuli/Resume1.png'
103.8225 	EXP 	image: autoDraw = True
111.6559 	EXP 	eyetracker.setRecordingState(False)
111.6724 	EXP 	image: autoDraw = False
111.6724 	EXP 	candidate_rating: markerPos = None
111.6724 	EXP 	candidate_rating: markerPos = None
111.6724 	EXP 	candidate_rating_question: autoDraw = True
111.6724 	EXP 	candidate_rating: autoDraw = True
123.0580 	DATA 	Mouse: Left button down, pos=(1230,109)
123.0889 	EXP 	candidate_rating: markerPos = 4.0
123.1056 	EXP 	candidate_rating: markerPos = 4.0
123.1223 	EXP 	candidate_rating: markerPos = 4.0
123.1232 	DATA 	Mouse:  Left button up, pos=(1230,109)
123.1389 	EXP 	candidate_rating: markerPos = 4.0
123.1556 	EXP 	candidate_rating_question: autoDraw = False
123.1556 	EXP 	candidate_rating: autoDraw = False
123.1556 	EXP 	image_clarity_rating: markerPos = None
123.1556 	EXP 	image_clarity_rating: markerPos = None
123.1556 	EXP 	image_clarity_question: autoDraw = True
123.1556 	EXP 	image_clarity_rating: autoDraw = True
126.2897 	DATA 	Mouse: Left button down, pos=(964,99)
126.3056 	EXP 	image_clarity_rating: markerPos = 3.0148148148148146
126.3222 	EXP 	image_clarity_rating: markerPos = 3.0148148148148146
126.3389 	EXP 	image_clarity_rating: markerPos = 3.0148148148148146
126.3556 	EXP 	image_clarity_rating: markerPos = 3.0148148148148146
126.3564 	DATA 	Mouse:  Left button up, pos=(964,99)
126.3722 	EXP 	image_clarity_rating: markerPos = 3.0148148148148146
126.3889 	EXP 	image_clarity_question: autoDraw = False
126.3889 	EXP 	image_clarity_rating: autoDraw = False
126.3889 	EXP 	comprehension_rating: markerPos = None
126.3889 	EXP 	comprehension_rating: markerPos = None
126.3889 	EXP 	comprehension_question: autoDraw = True
126.3889 	EXP 	comprehension_rating: autoDraw = True
129.2575 	DATA 	Mouse: Left button down, pos=(1225,109)
129.2888 	EXP 	comprehension_rating: markerPos = 3.9814814814814814
129.3054 	EXP 	comprehension_rating: markerPos = 3.9814814814814814
129.3221 	EXP 	comprehension_rating: markerPos = 3.9814814814814814
129.3388 	EXP 	comprehension_rating: markerPos = 3.9814814814814814
129.3554 	EXP 	comprehension_rating: markerPos = 3.9814814814814814
129.3578 	DATA 	Mouse:  Left button up, pos=(1225,109)
129.3722 	EXP 	comprehension_rating: markerPos = 3.9814814814814814
129.3888 	EXP 	comprehension_rating: markerPos = 3.9814814814814814
129.3901 	EXP 	New trial (rep=0, index=1): OrderedDict([('exp1_stim', './stimuli/Resume2.png')])
129.4054 	EXP 	comprehension_question: autoDraw = False
129.4054 	EXP 	comprehension_rating: autoDraw = False
129.4054 	EXP 	text: autoDraw = True
133.2731 	DATA 	Keypress: space
133.2887 	EXP 	text: autoDraw = False
133.2887 	EXP 	job_description: autoDraw = True
138.7859 	EXP 	eyetracker.clearEvents()
138.7863 	EXP 	eyetracker.setRecordingState(True)
138.7871 	DATA 	Keypress: space
138.8053 	EXP 	job_description: autoDraw = False
138.8053 	EXP 	image: image = './stimuli/Resume2.png'
138.8053 	EXP 	image: autoDraw = True
146.6910 	EXP 	eyetracker.setRecordingState(False)
146.7051 	EXP 	image: autoDraw = False
146.7051 	EXP 	candidate_rating: markerPos = None
146.7051 	EXP 	candidate_rating: markerPos = None
146.7051 	EXP 	candidate_rating_question: autoDraw = True
146.7051 	EXP 	candidate_rating: autoDraw = True
157.6572 	DATA 	Mouse: Left button down, pos=(964,103)
157.6883 	EXP 	candidate_rating: markerPos = 3.0148148148148146
157.7050 	EXP 	candidate_rating: markerPos = 3.0148148148148146
157.7216 	EXP 	candidate_rating: markerPos = 3.0148148148148146
157.7384 	EXP 	candidate_rating: markerPos = 3.0148148148148146
157.7550 	EXP 	candidate_rating: markerPos = 3.0148148148148146
157.7574 	DATA 	Mouse:  Left button up, pos=(964,103)
157.7717 	EXP 	candidate_rating: markerPos = 3.0148148148148146
157.7883 	EXP 	candidate_rating: markerPos = 3.0148148148148146
157.8050 	EXP 	candidate_rating_question: autoDraw = False
157.8050 	EXP 	candidate_rating: autoDraw = False
157.8050 	EXP 	image_clarity_rating: markerPos = None
157.8050 	EXP 	image_clarity_rating: markerPos = None
157.8050 	EXP 	image_clarity_question: autoDraw = True
157.8050 	EXP 	image_clarity_rating: autoDraw = True
162.5401 	DATA 	Mouse: Left button down, pos=(1220,109)
162.5716 	EXP 	image_clarity_rating: markerPos = 3.962962962962963
162.5883 	EXP 	image_clarity_rating: markerPos = 3.966666666666667
162.6050 	EXP 	image_clarity_rating: markerPos = 3.966666666666667
162.6216 	EXP 	image_clarity_rating: markerPos = 3.9703703703703703
162.6382 	EXP 	image_clarity_rating: markerPos = 3.9703703703703703
162.6387 	DATA 	Mouse:  Left button up, pos=(1222,110)
162.6548 	EXP 	image_clarity_rating: markerPos = 3.9703703703703703
162.6716 	EXP 	image_clarity_question: autoDraw = False
162.6716 	EXP 	image_clarity_rating: autoDraw = False
162.6716 	EXP 	comprehension_rating: markerPos = None
162.6716 	EXP 	comprehension_rating: markerPos = None
162.6716 	EXP 	comprehension_question: autoDraw = True
162.6716 	EXP 	comprehension_rating: autoDraw = True
164.5056 	DATA 	Mouse: Left button down, pos=(965,122)
164.5215 	EXP 	comprehension_rating: markerPos = 3.0185185185185186
164.5382 	EXP 	comprehension_rating: markerPos = 3.0185185185185186
164.5549 	EXP 	comprehension_rating: markerPos = 3.0185185185185186
164.5716 	EXP 	comprehension_rating: markerPos = 3.0185185185185186
164.5883 	EXP 	comprehension_rating: markerPos = 3.0185185185185186
164.6049 	EXP 	comprehension_rating: markerPos = 3.0185185185185186
164.6059 	DATA 	Mouse:  Left button up, pos=(965,122)
164.6216 	EXP 	comprehension_rating: markerPos = 3.0185185185185186
164.6347 	EXP 	Imported exp2_stim.csv as conditions, 2 conditions, 1 params
164.6349 	EXP 	Created sequence: random, trialTypes=2, nReps=1, seed=None
164.6350 	EXP 	New trial (rep=0, index=0): OrderedDict([('exp2_stim', './stimuli/Resume3.png')])
164.6383 	EXP 	comprehension_question: autoDraw = False
164.6383 	EXP 	comprehension_rating: autoDraw = False
164.6383 	EXP 	text: autoDraw = True
167.6891 	DATA 	Keypress: space
167.7048 	EXP 	text: autoDraw = False
167.7048 	EXP 	job_description: autoDraw = True
173.9497 	EXP 	eyetracker.clearEvents()
173.9500 	EXP 	eyetracker.setRecordingState(True)
173.9508 	DATA 	Keypress: space
173.9546 	EXP 	job_description: autoDraw = False
173.9546 	EXP 	image_2: image = './stimuli/Resume3.png'
173.9546 	EXP 	image_2: autoDraw = True
181.8091 	EXP 	eyetracker.setRecordingState(False)
181.8213 	EXP 	image_2: autoDraw = False
181.8213 	EXP 	candidate_rating: markerPos = None
181.8213 	EXP 	candidate_rating: markerPos = None
181.8213 	EXP 	candidate_rating_question: autoDraw = True
181.8213 	EXP 	candidate_rating: autoDraw = True
185.9227 	DATA 	Mouse: Left button down, pos=(691,98)
185.9378 	EXP 	candidate_rating: markerPos = 2.0037037037037035
185.9545 	EXP 	candidate_rating: markerPos = 2.0037037037037035
185.9712 	EXP 	candidate_rating: markerPos = 2.0037037037037035
185.9879 	EXP 	candidate_rating: markerPos = 2.0037037037037035
186.0046 	EXP 	candidate_rating: markerPos = 2.0037037037037035
186.0212 	EXP 	candidate_rating: markerPos = 2.0037037037037035
186.0241 	DATA 	Mouse:  Left button up, pos=(691,98)
186.0377 	EXP 	candidate_rating: markerPos = 2.0037037037037035
186.0544 	EXP 	candidate_rating: markerPos = 2.0037037037037035
186.0711 	EXP 	candidate_rating_question: autoDraw = False
186.0711 	EXP 	candidate_rating: autoDraw = False
186.0711 	EXP 	image_clarity_rating: markerPos = None
186.0711 	EXP 	image_clarity_rating: markerPos = None
186.0711 	EXP 	image_clarity_question: autoDraw = True
186.0711 	EXP 	image_clarity_rating: autoDraw = True
188.1559 	DATA 	Mouse: Left button down, pos=(1218,123)
188.1711 	EXP 	image_clarity_rating: markerPos = 3.9555555555555557
188.1878 	EXP 	image_clarity_rating: markerPos = 3.9555555555555557
188.2045 	EXP 	image_clarity_rating: markerPos = 3.9555555555555557
188.2211 	EXP 	image_clarity_rating: markerPos = 3.9555555555555557
188.2378 	EXP 	image_clarity_rating: markerPos = 3.9555555555555557
188.2544 	EXP 	image_clarity_rating: markerPos = 3.9555555555555557
188.2710 	EXP 	image_clarity_rating: markerPos = 3.9555555555555557
188.2732 	DATA 	Mouse:  Left button up, pos=(1218,123)
188.2877 	EXP 	image_clarity_rating: markerPos = 3.9555555555555557
188.3044 	EXP 	image_clarity_rating: markerPos = 3.9555555555555557
188.3211 	EXP 	image_clarity_question: autoDraw = False
188.3211 	EXP 	image_clarity_rating: autoDraw = False
188.3211 	EXP 	comprehension_rating: markerPos = None
188.3211 	EXP 	comprehension_rating: markerPos = None
188.3211 	EXP 	comprehension_question: autoDraw = True
188.3211 	EXP 	comprehension_rating: autoDraw = True
191.4883 	DATA 	Mouse: Left button down, pos=(703,103)
191.5044 	EXP 	comprehension_rating: markerPos = 2.0481481481481483
191.5210 	EXP 	comprehension_rating: markerPos = 2.0481481481481483
191.5378 	EXP 	comprehension_rating: markerPos = 2.0481481481481483
191.5543 	EXP 	comprehension_rating: markerPos = 2.0481481481481483
191.5712 	EXP 	comprehension_rating: markerPos = 2.0481481481481483
191.5878 	EXP 	comprehension_rating: markerPos = 2.0481481481481483
191.5885 	DATA 	Mouse:  Left button up, pos=(703,103)
191.6044 	EXP 	comprehension_rating: markerPos = 2.0481481481481483
191.6057 	EXP 	New trial (rep=0, index=1): OrderedDict([('exp2_stim', './stimuli/Resume4.png')])
191.6210 	EXP 	comprehension_question: autoDraw = False
191.6210 	EXP 	comprehension_rating: autoDraw = False
191.6210 	EXP 	text: autoDraw = True
196.0218 	DATA 	Keypress: space
196.0376 	EXP 	text: autoDraw = False
196.0376 	EXP 	job_description: autoDraw = True
198.5807 	EXP 	eyetracker.clearEvents()
198.5859 	EXP 	eyetracker.setRecordingState(True)
198.5867 	DATA 	Keypress: space
198.6042 	EXP 	job_description: autoDraw = False
198.6042 	EXP 	image_2: image = './stimuli/Resume4.png'
198.6042 	EXP 	image_2: autoDraw = True
206.5230 	EXP 	eyetracker.setRecordingState(False)
206.5375 	EXP 	image_2: autoDraw = False
206.5375 	EXP 	candidate_rating: markerPos = None
206.5375 	EXP 	candidate_rating: markerPos = None
206.5375 	EXP 	candidate_rating_question: autoDraw = True
206.5375 	EXP 	candidate_rating: autoDraw = True
209.8725 	DATA 	Mouse: Left button down, pos=(1211,103)
209.8873 	EXP 	candidate_rating: markerPos = 3.9296296296296296
209.9041 	EXP 	candidate_rating: markerPos = 3.9296296296296296
209.9207 	EXP 	candidate_rating: markerPos = 3.9296296296296296
209.9373 	EXP 	candidate_rating: markerPos = 3.9296296296296296
209.9540 	EXP 	candidate_rating: markerPos = 3.9296296296296296
209.9707 	EXP 	candidate_rating: markerPos = 3.9296296296296296
209.9873 	EXP 	candidate_rating: markerPos = 3.9296296296296296
210.0040 	EXP 	candidate_rating: markerPos = 3.9296296296296296
210.0208 	EXP 	candidate_rating: markerPos = 3.9296296296296296
210.0216 	DATA 	Mouse:  Left button up, pos=(1211,103)
210.0374 	EXP 	candidate_rating: markerPos = 3.9296296296296296
210.0541 	EXP 	candidate_rating_question: autoDraw = False
210.0541 	EXP 	candidate_rating: autoDraw = False
210.0541 	EXP 	image_clarity_rating: markerPos = None
210.0541 	EXP 	image_clarity_rating: markerPos = None
210.0541 	EXP 	image_clarity_question: autoDraw = True
210.0541 	EXP 	image_clarity_rating: autoDraw = True
213.3898 	DATA 	Mouse: Left button down, pos=(1212,116)
213.4207 	EXP 	image_clarity_rating: markerPos = 3.9333333333333336
213.4373 	EXP 	image_clarity_rating: markerPos = 3.9333333333333336
213.4540 	EXP 	image_clarity_rating: markerPos = 3.9333333333333336
213.4706 	EXP 	image_clarity_rating: markerPos = 3.9333333333333336
213.4715 	DATA 	Mouse:  Left button up, pos=(1212,116)
213.4874 	EXP 	image_clarity_rating: markerPos = 3.9333333333333336
213.5040 	EXP 	image_clarity_question: autoDraw = False
213.5040 	EXP 	image_clarity_rating: autoDraw = False
213.5040 	EXP 	comprehension_rating: markerPos = None
213.5040 	EXP 	comprehension_rating: markerPos = None
213.5040 	EXP 	comprehension_question: autoDraw = True
213.5040 	EXP 	comprehension_rating: autoDraw = True
217.7384 	DATA 	Mouse: Left button down, pos=(1235,112)
217.7706 	EXP 	comprehension_rating: markerPos = 4.018518518518519
217.7873 	EXP 	comprehension_rating: markerPos = 4.018518518518519
217.8040 	EXP 	comprehension_rating: markerPos = 4.018518518518519
217.8207 	EXP 	comprehension_rating: markerPos = 4.018518518518519
217.8236 	DATA 	Mouse:  Left button up, pos=(1235,112)
217.8373 	EXP 	comprehension_rating: markerPos = 4.018518518518519
217.8539 	EXP 	comprehension_rating: markerPos = 4.018518518518519
217.8706 	EXP 	comprehension_question: autoDraw = False
217.8706 	EXP 	comprehension_rating: autoDraw = False
218.2580 	EXP 	window1: mouseVisible = True
