23.1904 	EXP 	Created window1 = Window(allowGUI=True, allowStencil=False, autoLog=True, backendConf=UNKNOWN, backgroundFit=<method-wrapper '__getattribute__' of attributeSetter object at 0x000001FCFA651DF0>, backgroundImage=<method-wrapper '__getattribute__' of attributeSetter object at 0x000001FCFA651D90>, bitsMode=UNKNOWN, blendMode='avg', bpc=(8, 8, 8), color=array([0, 0, 0]), colorSpace='rgb', depthBits=8, fullscr=<method-wrapper '__getattribute__' of attributeSetter object at 0x000001FCFA651A90>, gamma=None, gammaErrorPolicy='raise', lms=UNKNOWN, monitor=<psychopy.monitors.calibTools.Monitor object at 0x000001FC81C64700>, multiSample=False, name='window1', numSamples=2, pos=(0, 0), screen=0, size=array([1920, 1080]), stencilBits=0, stereo=False, units='height', useFBO=True, useRetina=False, viewOri=0.0, viewPos=None, viewScale=None, waitBlanking=True, winType='pyglet')
23.1905 	EXP 	window1: mouseVisible = True
23.1905 	EXP 	window1: backgroundImage = ''
23.1905 	EXP 	window1: backgroundFit = 'none'
23.1906 	EXP 	window1: mouseVisible = False
23.1906 	EXP 	window1: Attempting to measure frame rate of screen (0) ...
23.1906 	EXP 	window1: recordFrameIntervals = False
23.3567 	EXP 	window1: recordFrameIntervals = True
23.5401 	EXP 	Screen (0) actual frame rate measured at 59.99Hz
23.5401 	EXP 	window1: recordFrameIntervals = False
25.2025 	EXP 	Created calib_instr_text = TextStim(__class__=<class 'psychopy.visual.text.TextStim'>, alignHoriz=method-wrapper(...), alignText='center', alignVert=method-wrapper(...), anchorHoriz='center', anchorVert='center', antialias=True, autoDraw=False, autoLog=True, bold=False, color=array([1., 1., 1.]), colorSpace='rgb', contrast=1.0, depth=0.0, flipHoriz=False, flipVert=False, font='Open Sans', fontFiles=[], height=0.05, italic=False, languageStyle='LTR', name='calib_instr_text', opacity=1.0, ori=0.0, pos=array([0., 0.]), rgb=UNKNOWN, text=str(...), units='height', win=Window(...), wrapWidth=1)
25.2030 	EXP 	Created calib_text = TextStim(__class__=<class 'psychopy.visual.text.TextStim'>, alignHoriz=method-wrapper(...), alignText='center', alignVert=method-wrapper(...), anchorHoriz='center', anchorVert='center', antialias=True, autoDraw=False, autoLog=True, bold=False, color=array([1., 1., 1.]), colorSpace='rgb', contrast=1.0, depth=-1.0, flipHoriz=False, flipVert=False, font='Open Sans', fontFiles=[], height=0.05, italic=False, languageStyle='LTR', name='calib_text', opacity=1.0, ori=0.0, pos=array([0., 0.]), rgb=UNKNOWN, text='', units='height', win=Window(...), wrapWidth=1)
25.2118 	EXP 	Created text = TextStim(__class__=<class 'psychopy.visual.text.TextStim'>, alignHoriz=method-wrapper(...), alignText='center', alignVert=method-wrapper(...), anchorHoriz='center', anchorVert='center', antialias=True, autoDraw=False, autoLog=True, bold=False, color=array([1., 1., 1.]), colorSpace='rgb', contrast=1.0, depth=0.0, flipHoriz=False, flipVert=False, font='Open Sans', fontFiles=[], height=0.05, italic=False, languageStyle='LTR', name='text', opacity=1.0, ori=0.0, pos=array([0., 0.]), rgb=UNKNOWN, text=str(...), units='height', win=Window(...), wrapWidth=1)
25.8011 	EXP 	Created job_description = ImageStim(__class__=<class 'psychopy.visual.image.ImageStim'>, anchor=('center', 'center'), autoLog=True, color=array([1., 1., 1.]), colorSpace='rgb', contrast=1.0, depth=0.0, flipHoriz=False, flipVert=False, image='Eye Tracking Expeirement Job App.png', interpolate=True, mask=None, maskParams=None, name='job_description', opacity=1.0, ori=0.0, pos=array([0., 0.]), size=array([0.8, 0.8]), texRes=128.0, units='height', win=Window(...))
25.8251 	EXP 	Created image = ImageStim(__class__=<class 'psychopy.visual.image.ImageStim'>, anchor=('center', 'center'), autoLog=True, color=array([1., 1., 1.]), colorSpace='rgb', contrast=1.0, depth=0.0, flipHoriz=False, flipVert=False, image='default.png', interpolate=True, mask=None, maskParams=None, name='image', opacity=1.0, ori=0.0, pos=array([0., 0.]), size=array([1., 1.]), texRes=128.0, units='height', win=Window(...))
25.8322 	EXP 	Created candidate_rating_question = TextStim(__class__=<class 'psychopy.visual.text.TextStim'>, alignHoriz=method-wrapper(...), alignText='center', alignVert=method-wrapper(...), anchorHoriz='center', anchorVert='center', antialias=True, autoDraw=False, autoLog=True, bold=False, color=array([1., 1., 1.]), colorSpace='rgb', contrast=1.0, depth=0.0, flipHoriz=False, flipVert=False, font='Open Sans', fontFiles=[], height=0.05, italic=False, languageStyle='LTR', name='candidate_rating_question', opacity=1.0, ori=0.0, pos=array([0., 0.]), rgb=UNKNOWN, text=str(...), units='height', win=Window(...), wrapWidth=1)
25.8364 	EXP 	window1: mouseVisible = True
25.8465 	EXP 	Created candidate_rating = Slider(__class__=<class 'psychopy.visual.slider.Slider'>, autoDraw=False, autoLog=True, borderColor=None, color=None, colorSpace='rgb', depth=-1, fillColor=None, flip=False, font='Open Sans', granularity=0.0, labelColor=None, labelHeight=0.05, labelWrapWidth=None, labels=None, lineColor=None, markerColor=None, name='candidate_rating', opacity=None, ori=0.0, pos=array([ 0. , -0.4]), readOnly=False, self=UNKNOWN, size=array([1. , 0.1]), startValue=None, style='rating', styleTweaks=[], ticks=array([1, 2, 3, 4, 5]), units='height', win=Window(...))
25.8489 	EXP 	Created image_clarity_question = TextStim(__class__=<class 'psychopy.visual.text.TextStim'>, alignHoriz=method-wrapper(...), alignText='center', alignVert=method-wrapper(...), anchorHoriz='center', anchorVert='center', antialias=True, autoDraw=False, autoLog=True, bold=False, color=array([1., 1., 1.]), colorSpace='rgb', contrast=1.0, depth=0.0, flipHoriz=False, flipVert=False, font='Open Sans', fontFiles=[], height=0.05, italic=False, languageStyle='LTR', name='image_clarity_question', opacity=1.0, ori=0.0, pos=array([0., 0.]), rgb=UNKNOWN, text=str(...), units='height', win=Window(...), wrapWidth=1)
25.8510 	EXP 	window1: mouseVisible = True
25.8604 	EXP 	Created image_clarity_rating = Slider(__class__=<class 'psychopy.visual.slider.Slider'>, autoDraw=False, autoLog=True, borderColor=None, color=None, colorSpace='rgb', depth=-1, fillColor=None, flip=False, font='Open Sans', granularity=0.0, labelColor=None, labelHeight=0.05, labelWrapWidth=None, labels=None, lineColor=None, markerColor=None, name='image_clarity_rating', opacity=None, ori=0.0, pos=array([ 0. , -0.4]), readOnly=False, self=UNKNOWN, size=array([1. , 0.1]), startValue=None, style='rating', styleTweaks=[], ticks=array([1, 2, 3, 4, 5]), units='height', win=Window(...))
25.8654 	EXP 	Created comprehension_question = TextStim(__class__=<class 'psychopy.visual.text.TextStim'>, alignHoriz=method-wrapper(...), alignText='center', alignVert=method-wrapper(...), anchorHoriz='center', anchorVert='center', antialias=True, autoDraw=False, autoLog=True, bold=False, color=array([1., 1., 1.]), colorSpace='rgb', contrast=1.0, depth=0.0, flipHoriz=False, flipVert=False, font='Open Sans', fontFiles=[], height=0.05, italic=False, languageStyle='LTR', name='comprehension_question', opacity=1.0, ori=0.0, pos=array([0., 0.]), rgb=UNKNOWN, text=str(...), units='height', win=Window(...), wrapWidth=1)
25.8681 	EXP 	window1: mouseVisible = True
25.8781 	EXP 	Created comprehension_rating = Slider(__class__=<class 'psychopy.visual.slider.Slider'>, autoDraw=False, autoLog=True, borderColor=None, color=None, colorSpace='rgb', depth=-1, fillColor=None, flip=False, font='Open Sans', granularity=0.0, labelColor=None, labelHeight=0.05, labelWrapWidth=None, labels=None, lineColor=None, markerColor=None, name='comprehension_rating', opacity=None, ori=0.0, pos=array([ 0. , -0.4]), readOnly=False, self=UNKNOWN, size=array([1. , 0.1]), startValue=None, style='rating', styleTweaks=[], ticks=array([1, 2, 3, 4, 5]), units='height', win=Window(...))
25.8820 	EXP 	Created text = TextStim(__class__=<class 'psychopy.visual.text.TextStim'>, alignHoriz=method-wrapper(...), alignText='center', alignVert=method-wrapper(...), anchorHoriz='center', anchorVert='center', antialias=True, autoDraw=False, autoLog=True, bold=False, color=array([1., 1., 1.]), colorSpace='rgb', contrast=1.0, depth=0.0, flipHoriz=False, flipVert=False, font='Open Sans', fontFiles=[], height=0.05, italic=False, languageStyle='LTR', name='text', opacity=1.0, ori=0.0, pos=array([0., 0.]), rgb=UNKNOWN, text=str(...), units='height', win=Window(...), wrapWidth=1)
26.4247 	EXP 	Created job_description = ImageStim(__class__=<class 'psychopy.visual.image.ImageStim'>, anchor=('center', 'center'), autoLog=True, color=array([1., 1., 1.]), colorSpace='rgb', contrast=1.0, depth=0.0, flipHoriz=False, flipVert=False, image='Eye Tracking Expeirement Job App.png', interpolate=True, mask=None, maskParams=None, name='job_description', opacity=1.0, ori=0.0, pos=array([0., 0.]), size=array([0.8, 0.8]), texRes=128.0, units='height', win=Window(...))
26.4332 	EXP 	Created image_2 = ImageStim(__class__=<class 'psychopy.visual.image.ImageStim'>, anchor=('center', 'center'), autoLog=True, color=array([1., 1., 1.]), colorSpace='rgb', contrast=1.0, depth=0.0, flipHoriz=False, flipVert=False, image='default.png', interpolate=True, mask=None, maskParams=None, name='image_2', opacity=1.0, ori=0.0, pos=array([0., 0.]), size=array([1., 1.]), texRes=128.0, units='height', win=Window(...))
26.4430 	EXP 	Created candidate_rating_question = TextStim(__class__=<class 'psychopy.visual.text.TextStim'>, alignHoriz=method-wrapper(...), alignText='center', alignVert=method-wrapper(...), anchorHoriz='center', anchorVert='center', antialias=True, autoDraw=False, autoLog=True, bold=False, color=array([1., 1., 1.]), colorSpace='rgb', contrast=1.0, depth=0.0, flipHoriz=False, flipVert=False, font='Open Sans', fontFiles=[], height=0.05, italic=False, languageStyle='LTR', name='candidate_rating_question', opacity=1.0, ori=0.0, pos=array([0., 0.]), rgb=UNKNOWN, text=str(...), units='height', win=Window(...), wrapWidth=1)
26.4451 	EXP 	window1: mouseVisible = True
26.4545 	EXP 	Created candidate_rating = Slider(__class__=<class 'psychopy.visual.slider.Slider'>, autoDraw=False, autoLog=True, borderColor=None, color=None, colorSpace='rgb', depth=-1, fillColor=None, flip=False, font='Open Sans', granularity=0.0, labelColor=None, labelHeight=0.05, labelWrapWidth=None, labels=None, lineColor=None, markerColor=None, name='candidate_rating', opacity=None, ori=0.0, pos=array([ 0. , -0.4]), readOnly=False, self=UNKNOWN, size=array([1. , 0.1]), startValue=None, style='rating', styleTweaks=[], ticks=array([1, 2, 3, 4, 5]), units='height', win=Window(...))
26.4569 	EXP 	Created image_clarity_question = TextStim(__class__=<class 'psychopy.visual.text.TextStim'>, alignHoriz=method-wrapper(...), alignText='center', alignVert=method-wrapper(...), anchorHoriz='center', anchorVert='center', antialias=True, autoDraw=False, autoLog=True, bold=False, color=array([1., 1., 1.]), colorSpace='rgb', contrast=1.0, depth=0.0, flipHoriz=False, flipVert=False, font='Open Sans', fontFiles=[], height=0.05, italic=False, languageStyle='LTR', name='image_clarity_question', opacity=1.0, ori=0.0, pos=array([0., 0.]), rgb=UNKNOWN, text=str(...), units='height', win=Window(...), wrapWidth=1)
26.4590 	EXP 	window1: mouseVisible = True
26.4684 	EXP 	Created image_clarity_rating = Slider(__class__=<class 'psychopy.visual.slider.Slider'>, autoDraw=False, autoLog=True, borderColor=None, color=None, colorSpace='rgb', depth=-1, fillColor=None, flip=False, font='Open Sans', granularity=0.0, labelColor=None, labelHeight=0.05, labelWrapWidth=None, labels=None, lineColor=None, markerColor=None, name='image_clarity_rating', opacity=None, ori=0.0, pos=array([ 0. , -0.4]), readOnly=False, self=UNKNOWN, size=array([1. , 0.1]), startValue=None, style='rating', styleTweaks=[], ticks=array([1, 2, 3, 4, 5]), units='height', win=Window(...))
26.4717 	EXP 	Created comprehension_question = TextStim(__class__=<class 'psychopy.visual.text.TextStim'>, alignHoriz=method-wrapper(...), alignText='center', alignVert=method-wrapper(...), anchorHoriz='center', anchorVert='center', antialias=True, autoDraw=False, autoLog=True, bold=False, color=array([1., 1., 1.]), colorSpace='rgb', contrast=1.0, depth=0.0, flipHoriz=False, flipVert=False, font='Open Sans', fontFiles=[], height=0.05, italic=False, languageStyle='LTR', name='comprehension_question', opacity=1.0, ori=0.0, pos=array([0., 0.]), rgb=UNKNOWN, text=str(...), units='height', win=Window(...), wrapWidth=1)
26.4737 	EXP 	window1: mouseVisible = True
26.4832 	EXP 	Created comprehension_rating = Slider(__class__=<class 'psychopy.visual.slider.Slider'>, autoDraw=False, autoLog=True, borderColor=None, color=None, colorSpace='rgb', depth=-1, fillColor=None, flip=False, font='Open Sans', granularity=0.0, labelColor=None, labelHeight=0.05, labelWrapWidth=None, labels=None, lineColor=None, markerColor=None, name='comprehension_rating', opacity=None, ori=0.0, pos=array([ 0. , -0.4]), readOnly=False, self=UNKNOWN, size=array([1. , 0.1]), startValue=None, style='rating', styleTweaks=[], ticks=array([1, 2, 3, 4, 5]), units='height', win=Window(...))
26.4908 	EXP 	candidate_rating: autoLog = True
26.4908 	EXP 	candidate_rating: markerPos = None
26.4908 	EXP 	candidate_rating: styleTweaks = []
26.4908 	EXP 	candidate_rating: styleTweaks = []
26.4908 	EXP 	candidate_rating: styleTweaks = []
26.4908 	EXP 	candidate_rating: styleTweaks = []
26.4908 	EXP 	candidate_rating: contrast = 1.0
26.4908 	EXP 	candidate_rating: autoLog = True
26.4908 	EXP 	image_clarity_rating: autoLog = True
26.4908 	EXP 	image_clarity_rating: markerPos = None
26.4908 	EXP 	image_clarity_rating: styleTweaks = []
26.4908 	EXP 	image_clarity_rating: styleTweaks = []
26.4908 	EXP 	image_clarity_rating: styleTweaks = []
26.4908 	EXP 	image_clarity_rating: styleTweaks = []
26.4908 	EXP 	image_clarity_rating: contrast = 1.0
26.4908 	EXP 	image_clarity_rating: autoLog = True
26.4908 	EXP 	comprehension_rating: autoLog = True
26.4908 	EXP 	comprehension_rating: markerPos = None
26.4908 	EXP 	comprehension_rating: styleTweaks = []
26.4908 	EXP 	comprehension_rating: styleTweaks = []
26.4908 	EXP 	comprehension_rating: styleTweaks = []
26.4908 	EXP 	comprehension_rating: styleTweaks = []
26.4908 	EXP 	comprehension_rating: contrast = 1.0
26.4908 	EXP 	comprehension_rating: autoLog = True
26.4908 	EXP 	candidate_rating: autoLog = True
26.4908 	EXP 	candidate_rating: markerPos = None
26.4908 	EXP 	candidate_rating: styleTweaks = []
26.4908 	EXP 	candidate_rating: styleTweaks = []
26.4908 	EXP 	candidate_rating: styleTweaks = []
26.4908 	EXP 	candidate_rating: styleTweaks = []
26.4908 	EXP 	candidate_rating: contrast = 1.0
26.4908 	EXP 	candidate_rating: autoLog = True
26.4908 	EXP 	image_clarity_rating: autoLog = True
26.4908 	EXP 	image_clarity_rating: markerPos = None
26.4908 	EXP 	image_clarity_rating: styleTweaks = []
26.4908 	EXP 	image_clarity_rating: styleTweaks = []
26.4908 	EXP 	image_clarity_rating: styleTweaks = []
26.4908 	EXP 	image_clarity_rating: styleTweaks = []
26.4908 	EXP 	image_clarity_rating: contrast = 1.0
26.4908 	EXP 	image_clarity_rating: autoLog = True
26.4908 	EXP 	comprehension_rating: autoLog = True
26.4908 	EXP 	comprehension_rating: markerPos = None
26.4908 	EXP 	comprehension_rating: styleTweaks = []
26.4908 	EXP 	comprehension_rating: styleTweaks = []
26.4908 	EXP 	comprehension_rating: styleTweaks = []
26.4908 	EXP 	comprehension_rating: styleTweaks = []
26.4908 	EXP 	comprehension_rating: contrast = 1.0
26.4908 	EXP 	comprehension_rating: autoLog = True
26.4908 	EXP 	calib_instr_text: autoDraw = True
35.3739 	EXP 	Created sequence: sequential, trialTypes=1, nReps=10, seed=None
35.3740 	EXP 	New trial (rep=0, index=0): None
35.3757 	EXP 	Created calibrationTarget = ShapeStim(__class__=<class 'psychopy.visual.shape.ShapeStim'>, anchor=('center', 'center'), autoDraw=False, autoLog=True, closeShape=True, color=method-wrapper(...), colorSpace='rgb', contrast=None, depth=0, fillColor=array([0, 0, 0]), fillColorSpace='rgb', fillRGB=array([0, 0, 0]), interpolate=True, lineColor=array([-1., -1., -1.]), lineColorSpace='rgb', lineRGB=array([-1, -1, -1]), lineWidth=2.0, name='calibrationTarget', opacity=1.0, ori=0.0, pos=array([0., 0.]), size=array([0.02, 0.02]), units='height', vertices=ndarray(...), win=Window(...), windingRule=None)
35.3773 	EXP 	Created calibrationTargetInner = ShapeStim(__class__=<class 'psychopy.visual.shape.ShapeStim'>, anchor=('center', 'center'), autoDraw=False, autoLog=True, closeShape=True, color=method-wrapper(...), colorSpace='rgb', contrast=None, depth=0, fillColor=array([-1.        ,  0.00392157, -1.        ]), fillColorSpace='rgb', fillRGB=array([-1.        ,  0.00392157, -1.        ]), interpolate=True, lineColor=array([-1., -1., -1.]), lineColorSpace='rgb', lineRGB=array([-1, -1, -1]), lineWidth=2.0, name='calibrationTargetInner', opacity=1.0, ori=0.0, pos=array([0., 0.]), size=array([0.007, 0.007]), units='height', vertices=ndarray(...), win=Window(...), windingRule=None)
65.4545 	DATA 	Keypress: space
65.4583 	EXP 	calib_instr_text: autoDraw = False
65.4614 	EXP 	Created validationTarget = ShapeStim(__class__=<class 'psychopy.visual.shape.ShapeStim'>, anchor=('center', 'center'), autoDraw=False, autoLog=True, closeShape=True, color=method-wrapper(...), colorSpace='rgb', contrast=None, depth=0, fillColor=array([0, 0, 0]), fillColorSpace='rgb', fillRGB=array([0, 0, 0]), interpolate=True, lineColor=array([-1., -1., -1.]), lineColorSpace='rgb', lineRGB=array([-1, -1, -1]), lineWidth=2.0, name='validationTarget', opacity=1.0, ori=0.0, pos=array([0., 0.]), size=array([0.02, 0.02]), units='height', vertices=ndarray(...), win=Window(...), windingRule=None)
65.4630 	EXP 	Created validationTargetInner = ShapeStim(__class__=<class 'psychopy.visual.shape.ShapeStim'>, anchor=('center', 'center'), autoDraw=False, autoLog=True, closeShape=True, color=method-wrapper(...), colorSpace='rgb', contrast=None, depth=0, fillColor=array([-1.        ,  0.00392157, -1.        ]), fillColorSpace='rgb', fillRGB=array([-1.        ,  0.00392157, -1.        ]), interpolate=True, lineColor=array([-1., -1., -1.]), lineColorSpace='rgb', lineRGB=array([-1, -1, -1]), lineWidth=2.0, name='validationTargetInner', opacity=1.0, ori=0.0, pos=array([0., 0.]), size=array([0.007, 0.007]), units='height', vertices=ndarray(...), win=Window(...), windingRule=None)
66.2282 	EXP 	Created unnamed GratingStim = GratingStim(__class__=<class 'psychopy.visual.grating.GratingStim'>, anchor='center', autoDraw=False, autoLog=True, blendmode='avg', color=array([-1.        ,  0.00392157, -1.        ]), colorSpace='rgb', contrast=1.0, depth=0, interpolate=False, mask='gauss', maskParams=None, name='unnamed GratingStim', opacity=0.8, ori=0.0, phase=array([0., 0.]), pos=array([0., 0.]), rgbPedestal=array([0., 0., 0.]), sf=array([0.00981534, 0.00981534]), size=array([101.881344, 101.881344]), tex=None, texRes=128, units='pix', win=Window(...))
85.5473 	EXP 	Created unnamed TextStim = TextStim(__class__=<class 'psychopy.visual.text.TextStim'>, alignHoriz=method-wrapper(...), alignText='center', alignVert=method-wrapper(...), anchorHoriz='center', anchorVert='center', antialias=True, autoDraw=False, autoLog=True, bold=False, color=array([0., 0., 0.]), colorSpace='rgb255', contrast=1.0, depth=0, flipHoriz=False, flipVert=False, font='', fontFiles=[], height=24.0, italic=False, languageStyle='LTR', name='unnamed TextStim', opacity=1.0, ori=0.0, pos=array([  0., 513.]), rgb=UNKNOWN, text=str(...), units='pix', win=Window(...), wrapWidth=1536.0)
85.5558 	EXP 	Created unnamed TextStim = TextStim(__class__=<class 'psychopy.visual.text.TextStim'>, alignHoriz=method-wrapper(...), alignText='center', alignVert=method-wrapper(...), anchorHoriz='center', anchorVert='center', antialias=True, autoDraw=False, autoLog=True, bold=True, color=array([0., 0., 0.]), colorSpace='rgb255', contrast=1.0, depth=0, flipHoriz=False, flipVert=False, font='', fontFiles=[], height=20.0, italic=False, languageStyle='LTR', name='unnamed TextStim', opacity=1.0, ori=0.0, pos=array([   0., -513.]), rgb=UNKNOWN, text='Press SPACE to continue.', units='pix', win=Window(...), wrapWidth=1536.0)
90.0470 	EXP 	calib_text: height = 0.05
90.0470 	EXP 	calib_text: height = 0.05
90.0470 	EXP 	calib_text: height = 0.05
90.0470 	EXP 	calib_text: text = 'Average error is: 51.790000\n\nValid points: 9\n\nRecalibrate (y/n)?'
90.0470 	EXP 	calib_text: autoDraw = True
94.9488 	EXP 	Imported exp1_stim.csv as conditions, 2 conditions, 1 params
94.9490 	EXP 	Created sequence: random, trialTypes=2, nReps=1, seed=None
94.9491 	EXP 	New trial (rep=0, index=0): OrderedDict([('exp1_stim', './stimuli/Resume1.png')])
94.9515 	EXP 	calib_text: autoDraw = False
94.9515 	EXP 	text: autoDraw = True
104.6893 	EXP 	text: autoDraw = False
104.6893 	EXP 	job_description: autoDraw = True
144.6382 	EXP 	eyetracker.clearEvents()
144.6386 	EXP 	eyetracker.setRecordingState(True)
144.6414 	EXP 	job_description: autoDraw = False
144.6414 	EXP 	image: image = './stimuli/Resume1.png'
144.6414 	EXP 	image: autoDraw = True
153.4395 	EXP 	eyetracker.setRecordingState(False)
153.4470 	EXP 	image: autoDraw = False
153.4470 	EXP 	candidate_rating: markerPos = None
153.4470 	EXP 	candidate_rating: markerPos = None
153.4470 	EXP 	candidate_rating_question: autoDraw = True
153.4470 	EXP 	candidate_rating: autoDraw = True
170.6740 	DATA 	Mouse: Left button down, pos=(1226,107)
170.6829 	EXP 	candidate_rating: markerPos = 3.985185185185185
170.7532 	EXP 	candidate_rating: markerPos = 3.985185185185185
170.7573 	DATA 	Mouse:  Left button up, pos=(1226,107)
170.7877 	EXP 	candidate_rating: markerPos = 3.985185185185185
170.8043 	EXP 	candidate_rating: markerPos = 3.985185185185185
170.8209 	EXP 	candidate_rating_question: autoDraw = False
170.8209 	EXP 	candidate_rating: autoDraw = False
170.8209 	EXP 	image_clarity_rating: markerPos = None
170.8209 	EXP 	image_clarity_rating: markerPos = None
170.8209 	EXP 	image_clarity_question: autoDraw = True
170.8209 	EXP 	image_clarity_rating: autoDraw = True
174.6550 	DATA 	Mouse: Left button down, pos=(1227,106)
174.6709 	EXP 	image_clarity_rating: markerPos = 3.988888888888889
174.6875 	EXP 	image_clarity_rating: markerPos = 3.988888888888889
174.7041 	EXP 	image_clarity_rating: markerPos = 3.988888888888889
174.7208 	EXP 	image_clarity_rating: markerPos = 3.988888888888889
174.7376 	EXP 	image_clarity_rating: markerPos = 3.988888888888889
174.7542 	EXP 	image_clarity_rating: markerPos = 3.988888888888889
174.7710 	EXP 	image_clarity_rating: markerPos = 3.988888888888889
174.7875 	EXP 	image_clarity_rating: markerPos = 3.988888888888889
174.8043 	EXP 	image_clarity_rating: markerPos = 3.988888888888889
174.8209 	EXP 	image_clarity_rating: markerPos = 3.988888888888889
174.8375 	EXP 	image_clarity_rating: markerPos = 3.988888888888889
174.8542 	EXP 	image_clarity_rating: markerPos = 3.988888888888889
174.8709 	EXP 	image_clarity_rating: markerPos = 3.988888888888889
174.8876 	EXP 	image_clarity_rating: markerPos = 3.988888888888889
174.9042 	EXP 	image_clarity_rating: markerPos = 3.988888888888889
174.9209 	EXP 	image_clarity_rating: markerPos = 3.988888888888889
174.9376 	EXP 	image_clarity_rating: markerPos = 3.988888888888889
174.9542 	EXP 	image_clarity_rating: markerPos = 3.988888888888889
174.9709 	EXP 	image_clarity_rating: markerPos = 3.988888888888889
174.9876 	EXP 	image_clarity_rating: markerPos = 3.988888888888889
175.0042 	EXP 	image_clarity_rating: markerPos = 3.988888888888889
175.0208 	EXP 	image_clarity_rating: markerPos = 3.988888888888889
175.0375 	EXP 	image_clarity_rating: markerPos = 3.988888888888889
175.0542 	EXP 	image_clarity_rating: markerPos = 3.988888888888889
175.0709 	EXP 	image_clarity_rating: markerPos = 3.985185185185185
175.0876 	EXP 	image_clarity_rating: markerPos = 3.9555555555555557
175.1043 	EXP 	image_clarity_rating: markerPos = 3.9037037037037035
175.1209 	EXP 	image_clarity_rating: markerPos = 3.859259259259259
175.1377 	EXP 	image_clarity_rating: markerPos = 3.8185185185185184
175.1542 	EXP 	image_clarity_rating: markerPos = 3.8
175.1708 	EXP 	image_clarity_rating: markerPos = 3.7777777777777777
175.1875 	EXP 	image_clarity_rating: markerPos = 3.7592592592592595
175.2043 	EXP 	image_clarity_rating: markerPos = 3.7296296296296294
175.2209 	EXP 	image_clarity_rating: markerPos = 3.7
175.2376 	EXP 	image_clarity_rating: markerPos = 3.674074074074074
175.2542 	EXP 	image_clarity_rating: markerPos = 3.651851851851852
175.2708 	EXP 	image_clarity_rating: markerPos = 3.6333333333333333
175.2875 	EXP 	image_clarity_rating: markerPos = 3.6148148148148147
175.3042 	EXP 	image_clarity_rating: markerPos = 3.5814814814814815
175.3208 	EXP 	image_clarity_rating: markerPos = 3.5444444444444443
175.3376 	EXP 	image_clarity_rating: markerPos = 3.522222222222222
175.3542 	EXP 	image_clarity_rating: markerPos = 3.5
175.3708 	EXP 	image_clarity_rating: markerPos = 3.4555555555555557
175.3876 	EXP 	image_clarity_rating: markerPos = 3.388888888888889
175.4042 	EXP 	image_clarity_rating: markerPos = 3.2555555555555555
175.4209 	EXP 	image_clarity_rating: markerPos = 3.1666666666666665
175.4376 	EXP 	image_clarity_rating: markerPos = 3.085185185185185
175.4546 	EXP 	image_clarity_rating: markerPos = 3.011111111111111
175.4709 	EXP 	image_clarity_rating: markerPos = 2.966666666666667
175.4876 	EXP 	image_clarity_rating: markerPos = 2.9444444444444446
175.5042 	EXP 	image_clarity_rating: markerPos = 2.9407407407407407
175.5209 	EXP 	image_clarity_rating: markerPos = 2.9407407407407407
175.5376 	EXP 	image_clarity_rating: markerPos = 2.9407407407407407
175.5542 	EXP 	image_clarity_rating: markerPos = 2.9407407407407407
175.5708 	EXP 	image_clarity_rating: markerPos = 2.9333333333333336
175.5875 	EXP 	image_clarity_rating: markerPos = 2.9111111111111114
175.6041 	EXP 	image_clarity_rating: markerPos = 2.8925925925925924
175.6209 	EXP 	image_clarity_rating: markerPos = 2.8851851851851853
175.6375 	EXP 	image_clarity_rating: markerPos = 2.8777777777777778
175.6542 	EXP 	image_clarity_rating: markerPos = 2.8740740740740742
175.6708 	EXP 	image_clarity_rating: markerPos = 2.8740740740740742
175.6876 	EXP 	image_clarity_rating: markerPos = 2.8740740740740742
175.7042 	EXP 	image_clarity_rating: markerPos = 2.8740740740740742
175.7208 	EXP 	image_clarity_rating: markerPos = 2.8740740740740742
175.7375 	EXP 	image_clarity_rating: markerPos = 2.8740740740740742
175.7542 	EXP 	image_clarity_rating: markerPos = 2.8814814814814813
175.7708 	EXP 	image_clarity_rating: markerPos = 2.8925925925925924
175.7875 	EXP 	image_clarity_rating: markerPos = 2.9185185185185185
175.8042 	EXP 	image_clarity_rating: markerPos = 2.937037037037037
175.8208 	EXP 	image_clarity_rating: markerPos = 2.9518518518518517
175.8375 	EXP 	image_clarity_rating: markerPos = 2.9592592592592593
175.8543 	EXP 	image_clarity_rating: markerPos = 2.962962962962963
175.8708 	EXP 	image_clarity_rating: markerPos = 2.9703703703703703
175.8875 	EXP 	image_clarity_rating: markerPos = 2.9814814814814814
175.9042 	EXP 	image_clarity_rating: markerPos = 2.988888888888889
175.9209 	EXP 	image_clarity_rating: markerPos = 2.996296296296296
175.9375 	EXP 	image_clarity_rating: markerPos = 3.011111111111111
175.9542 	EXP 	image_clarity_rating: markerPos = 3.022222222222222
175.9708 	EXP 	image_clarity_rating: markerPos = 3.033333333333333
175.9875 	EXP 	image_clarity_rating: markerPos = 3.0481481481481483
176.0043 	EXP 	image_clarity_rating: markerPos = 3.0555555555555554
176.0208 	EXP 	image_clarity_rating: markerPos = 3.0592592592592593
176.0376 	EXP 	image_clarity_rating: markerPos = 3.0703703703703704
176.0542 	EXP 	image_clarity_rating: markerPos = 3.077777777777778
176.0709 	EXP 	image_clarity_rating: markerPos = 3.096296296296296
176.0876 	EXP 	image_clarity_rating: markerPos = 3.1222222222222222
176.1043 	EXP 	image_clarity_rating: markerPos = 3.151851851851852
176.1208 	EXP 	image_clarity_rating: markerPos = 3.2037037037037037
176.1376 	EXP 	image_clarity_rating: markerPos = 3.262962962962963
176.1543 	EXP 	image_clarity_rating: markerPos = 3.311111111111111
176.1708 	EXP 	image_clarity_rating: markerPos = 3.325925925925926
176.1874 	EXP 	image_clarity_rating: markerPos = 3.325925925925926
176.2041 	EXP 	image_clarity_rating: markerPos = 3.3296296296296295
176.2208 	EXP 	image_clarity_rating: markerPos = 3.3296296296296295
176.2374 	EXP 	image_clarity_rating: markerPos = 3.3296296296296295
176.2541 	EXP 	image_clarity_rating: markerPos = 3.3296296296296295
176.2708 	EXP 	image_clarity_rating: markerPos = 3.3296296296296295
176.2875 	EXP 	image_clarity_rating: markerPos = 3.3296296296296295
176.3042 	EXP 	image_clarity_rating: markerPos = 3.337037037037037
176.3209 	EXP 	image_clarity_rating: markerPos = 3.3555555555555556
176.3375 	EXP 	image_clarity_rating: markerPos = 3.3777777777777778
176.3542 	EXP 	image_clarity_rating: markerPos = 3.4
176.3709 	EXP 	image_clarity_rating: markerPos = 3.422222222222222
176.3875 	EXP 	image_clarity_rating: markerPos = 3.4555555555555557
176.4042 	EXP 	image_clarity_rating: markerPos = 3.477777777777778
176.4209 	EXP 	image_clarity_rating: markerPos = 3.5
176.4375 	EXP 	image_clarity_rating: markerPos = 3.511111111111111
176.4541 	EXP 	image_clarity_rating: markerPos = 3.522222222222222
176.4708 	EXP 	image_clarity_rating: markerPos = 3.5296296296296297
176.4875 	EXP 	image_clarity_rating: markerPos = 3.5296296296296297
176.5041 	EXP 	image_clarity_rating: markerPos = 3.533333333333333
176.5208 	EXP 	image_clarity_rating: markerPos = 3.533333333333333
176.5375 	EXP 	image_clarity_rating: markerPos = 3.533333333333333
176.5542 	EXP 	image_clarity_rating: markerPos = 3.533333333333333
176.5708 	EXP 	image_clarity_rating: markerPos = 3.533333333333333
176.5875 	EXP 	image_clarity_rating: markerPos = 3.533333333333333
176.6042 	EXP 	image_clarity_rating: markerPos = 3.533333333333333
176.6208 	EXP 	image_clarity_rating: markerPos = 3.537037037037037
176.6375 	EXP 	image_clarity_rating: markerPos = 3.5407407407407407
176.6542 	EXP 	image_clarity_rating: markerPos = 3.5407407407407407
176.6709 	EXP 	image_clarity_rating: markerPos = 3.5407407407407407
176.6874 	EXP 	image_clarity_rating: markerPos = 3.5444444444444443
176.7042 	EXP 	image_clarity_rating: markerPos = 3.5444444444444443
176.7208 	EXP 	image_clarity_rating: markerPos = 3.551851851851852
176.7375 	EXP 	image_clarity_rating: markerPos = 3.5592592592592593
176.7542 	EXP 	image_clarity_rating: markerPos = 3.5592592592592593
176.7708 	EXP 	image_clarity_rating: markerPos = 3.562962962962963
176.7875 	EXP 	image_clarity_rating: markerPos = 3.5666666666666664
176.8042 	EXP 	image_clarity_rating: markerPos = 3.5703703703703704
176.8208 	EXP 	image_clarity_rating: markerPos = 3.5703703703703704
176.8375 	EXP 	image_clarity_rating: markerPos = 3.5703703703703704
176.8543 	EXP 	image_clarity_rating: markerPos = 3.5703703703703704
176.8708 	EXP 	image_clarity_rating: markerPos = 3.5703703703703704
176.8875 	EXP 	image_clarity_rating: markerPos = 3.5703703703703704
176.9043 	EXP 	image_clarity_rating: markerPos = 3.5703703703703704
176.9208 	EXP 	image_clarity_rating: markerPos = 3.5703703703703704
176.9241 	DATA 	Mouse:  Left button up, pos=(1114,115)
176.9374 	EXP 	image_clarity_rating: markerPos = 3.5703703703703704
176.9541 	EXP 	image_clarity_rating: markerPos = 3.5703703703703704
176.9708 	EXP 	image_clarity_question: autoDraw = False
176.9708 	EXP 	image_clarity_rating: autoDraw = False
176.9708 	EXP 	comprehension_rating: markerPos = None
176.9708 	EXP 	comprehension_rating: markerPos = None
176.9708 	EXP 	comprehension_question: autoDraw = True
176.9708 	EXP 	comprehension_rating: autoDraw = True
180.2216 	DATA 	Mouse: Left button down, pos=(969,114)
180.2374 	EXP 	comprehension_rating: markerPos = 3.033333333333333
180.2541 	EXP 	comprehension_rating: markerPos = 3.033333333333333
180.2708 	EXP 	comprehension_rating: markerPos = 3.033333333333333
180.2875 	EXP 	comprehension_rating: markerPos = 3.033333333333333
180.3046 	EXP 	comprehension_rating: markerPos = 3.033333333333333
180.3207 	EXP 	comprehension_rating: markerPos = 3.033333333333333
180.3374 	EXP 	comprehension_rating: markerPos = 3.033333333333333
180.3541 	EXP 	comprehension_rating: markerPos = 3.022222222222222
180.3707 	EXP 	comprehension_rating: markerPos = 3.0185185185185186
180.3874 	EXP 	comprehension_rating: markerPos = 3.011111111111111
180.4041 	EXP 	comprehension_rating: markerPos = 3.0
180.4208 	EXP 	comprehension_rating: markerPos = 2.996296296296296
180.4374 	EXP 	comprehension_rating: markerPos = 2.992592592592593
180.4541 	EXP 	comprehension_rating: markerPos = 2.985185185185185
180.4709 	EXP 	comprehension_rating: markerPos = 2.977777777777778
180.4874 	EXP 	comprehension_rating: markerPos = 2.9703703703703703
180.5041 	EXP 	comprehension_rating: markerPos = 2.966666666666667
180.5208 	EXP 	comprehension_rating: markerPos = 2.9592592592592593
180.5374 	EXP 	comprehension_rating: markerPos = 2.9555555555555557
180.5542 	EXP 	comprehension_rating: markerPos = 2.9518518518518517
180.5708 	EXP 	comprehension_rating: markerPos = 2.9444444444444446
180.5875 	EXP 	comprehension_rating: markerPos = 2.9296296296296296
180.6041 	EXP 	comprehension_rating: markerPos = 2.925925925925926
180.6208 	EXP 	comprehension_rating: markerPos = 2.9222222222222225
180.6374 	EXP 	comprehension_rating: markerPos = 2.9185185185185185
180.6541 	EXP 	comprehension_rating: markerPos = 2.9148148148148145
180.6708 	EXP 	comprehension_rating: markerPos = 2.9074074074074074
180.6874 	EXP 	comprehension_rating: markerPos = 2.8962962962962964
180.7041 	EXP 	comprehension_rating: markerPos = 2.888888888888889
180.7208 	EXP 	comprehension_rating: markerPos = 2.8777777777777778
180.7374 	EXP 	comprehension_rating: markerPos = 2.8666666666666667
180.7541 	EXP 	comprehension_rating: markerPos = 2.8555555555555556
180.7707 	EXP 	comprehension_rating: markerPos = 2.840740740740741
180.7875 	EXP 	comprehension_rating: markerPos = 2.822222222222222
180.8041 	EXP 	comprehension_rating: markerPos = 2.7925925925925927
180.8208 	EXP 	comprehension_rating: markerPos = 2.7518518518518515
180.8374 	EXP 	comprehension_rating: markerPos = 2.7111111111111112
180.8541 	EXP 	comprehension_rating: markerPos = 2.6814814814814816
180.8708 	EXP 	comprehension_rating: markerPos = 2.662962962962963
180.8875 	EXP 	comprehension_rating: markerPos = 2.648148148148148
180.9041 	EXP 	comprehension_rating: markerPos = 2.6444444444444444
180.9209 	EXP 	comprehension_rating: markerPos = 2.640740740740741
180.9374 	EXP 	comprehension_rating: markerPos = 2.640740740740741
180.9541 	EXP 	comprehension_rating: markerPos = 2.640740740740741
180.9709 	EXP 	comprehension_rating: markerPos = 2.637037037037037
180.9874 	EXP 	comprehension_rating: markerPos = 2.6333333333333333
181.0041 	EXP 	comprehension_rating: markerPos = 2.6333333333333333
181.0208 	EXP 	comprehension_rating: markerPos = 2.6296296296296298
181.0374 	EXP 	comprehension_rating: markerPos = 2.6296296296296298
181.0541 	EXP 	comprehension_rating: markerPos = 2.6259259259259258
181.0707 	EXP 	comprehension_rating: markerPos = 2.611111111111111
181.0874 	EXP 	comprehension_rating: markerPos = 2.6
181.1041 	EXP 	comprehension_rating: markerPos = 2.5814814814814815
181.1208 	EXP 	comprehension_rating: markerPos = 2.562962962962963
181.1374 	EXP 	comprehension_rating: markerPos = 2.5481481481481483
181.1541 	EXP 	comprehension_rating: markerPos = 2.537037037037037
181.1710 	EXP 	comprehension_rating: markerPos = 2.525925925925926
181.1875 	EXP 	comprehension_rating: markerPos = 2.5074074074074075
181.2041 	EXP 	comprehension_rating: markerPos = 2.5
181.2207 	EXP 	comprehension_rating: markerPos = 2.488888888888889
181.2375 	EXP 	comprehension_rating: markerPos = 2.474074074074074
181.2541 	EXP 	comprehension_rating: markerPos = 2.4592592592592593
181.2708 	EXP 	comprehension_rating: markerPos = 2.4407407407407407
181.2875 	EXP 	comprehension_rating: markerPos = 2.425925925925926
181.3042 	EXP 	comprehension_rating: markerPos = 2.414814814814815
181.3207 	EXP 	comprehension_rating: markerPos = 2.4037037037037035
181.3374 	EXP 	comprehension_rating: markerPos = 2.3962962962962964
181.3541 	EXP 	comprehension_rating: markerPos = 2.3925925925925924
181.3707 	EXP 	comprehension_rating: markerPos = 2.3851851851851853
181.3874 	EXP 	comprehension_rating: markerPos = 2.3740740740740742
181.4041 	EXP 	comprehension_rating: markerPos = 2.340740740740741
181.4208 	EXP 	comprehension_rating: markerPos = 2.314814814814815
181.4375 	EXP 	comprehension_rating: markerPos = 2.285185185185185
181.4541 	EXP 	comprehension_rating: markerPos = 2.2592592592592595
181.4708 	EXP 	comprehension_rating: markerPos = 2.2333333333333334
181.4875 	EXP 	comprehension_rating: markerPos = 2.2185185185185183
181.5041 	EXP 	comprehension_rating: markerPos = 2.2074074074074073
181.5207 	EXP 	comprehension_rating: markerPos = 2.196296296296296
181.5374 	EXP 	comprehension_rating: markerPos = 2.188888888888889
181.5541 	EXP 	comprehension_rating: markerPos = 2.1703703703703705
181.5708 	EXP 	comprehension_rating: markerPos = 2.1555555555555554
181.5874 	EXP 	comprehension_rating: markerPos = 2.140740740740741
181.6040 	EXP 	comprehension_rating: markerPos = 2.1333333333333333
181.6207 	EXP 	comprehension_rating: markerPos = 2.1185185185185187
181.6374 	EXP 	comprehension_rating: markerPos = 2.1074074074074076
181.6541 	EXP 	comprehension_rating: markerPos = 2.1
181.6708 	EXP 	comprehension_rating: markerPos = 2.088888888888889
181.6874 	EXP 	comprehension_rating: markerPos = 2.0777777777777775
181.7041 	EXP 	comprehension_rating: markerPos = 2.062962962962963
181.7208 	EXP 	comprehension_rating: markerPos = 2.0444444444444443
181.7374 	EXP 	comprehension_rating: markerPos = 2.022222222222222
181.7541 	EXP 	comprehension_rating: markerPos = 2.0
181.7707 	EXP 	comprehension_rating: markerPos = 1.974074074074074
181.7874 	EXP 	comprehension_rating: markerPos = 1.9481481481481482
181.8040 	EXP 	comprehension_rating: markerPos = 1.9407407407407407
181.8208 	EXP 	comprehension_rating: markerPos = 1.9370370370370371
181.8375 	EXP 	comprehension_rating: markerPos = 1.9296296296296296
181.8541 	EXP 	comprehension_rating: markerPos = 1.9259259259259258
181.8708 	EXP 	comprehension_rating: markerPos = 1.9185185185185185
181.8874 	EXP 	comprehension_rating: markerPos = 1.9148148148148147
181.9040 	EXP 	comprehension_rating: markerPos = 1.9074074074074074
181.9208 	EXP 	comprehension_rating: markerPos = 1.9
181.9374 	EXP 	comprehension_rating: markerPos = 1.8888888888888888
181.9541 	EXP 	comprehension_rating: markerPos = 1.8777777777777778
181.9708 	EXP 	comprehension_rating: markerPos = 1.8777777777777778
181.9874 	EXP 	comprehension_rating: markerPos = 1.874074074074074
182.0041 	EXP 	comprehension_rating: markerPos = 1.8703703703703705
182.0208 	EXP 	comprehension_rating: markerPos = 1.8703703703703705
182.0374 	EXP 	comprehension_rating: markerPos = 1.8666666666666667
182.0541 	EXP 	comprehension_rating: markerPos = 1.8592592592592592
182.0708 	EXP 	comprehension_rating: markerPos = 1.8592592592592592
182.0875 	EXP 	comprehension_rating: markerPos = 1.8555555555555556
182.1042 	EXP 	comprehension_rating: markerPos = 1.8555555555555556
182.1208 	EXP 	comprehension_rating: markerPos = 1.8555555555555556
182.1374 	EXP 	comprehension_rating: markerPos = 1.8555555555555556
182.1541 	EXP 	comprehension_rating: markerPos = 1.8518518518518519
182.1707 	EXP 	comprehension_rating: markerPos = 1.8518518518518519
182.1875 	EXP 	comprehension_rating: markerPos = 1.8518518518518519
182.2041 	EXP 	comprehension_rating: markerPos = 1.8518518518518519
182.2208 	EXP 	comprehension_rating: markerPos = 1.848148148148148
182.2374 	EXP 	comprehension_rating: markerPos = 1.848148148148148
182.2541 	EXP 	comprehension_rating: markerPos = 1.848148148148148
182.2707 	EXP 	comprehension_rating: markerPos = 1.848148148148148
182.2874 	EXP 	comprehension_rating: markerPos = 1.848148148148148
182.3041 	EXP 	comprehension_rating: markerPos = 1.848148148148148
182.3208 	EXP 	comprehension_rating: markerPos = 1.848148148148148
182.3374 	EXP 	comprehension_rating: markerPos = 1.848148148148148
182.3540 	EXP 	comprehension_rating: markerPos = 1.848148148148148
182.3707 	EXP 	comprehension_rating: markerPos = 1.848148148148148
182.3875 	EXP 	comprehension_rating: markerPos = 1.848148148148148
182.4041 	EXP 	comprehension_rating: markerPos = 1.848148148148148
182.4207 	EXP 	comprehension_rating: markerPos = 1.848148148148148
182.4375 	EXP 	comprehension_rating: markerPos = 1.848148148148148
182.4540 	EXP 	comprehension_rating: markerPos = 1.848148148148148
182.4708 	EXP 	comprehension_rating: markerPos = 1.848148148148148
182.4874 	EXP 	comprehension_rating: markerPos = 1.848148148148148
182.5040 	EXP 	comprehension_rating: markerPos = 1.848148148148148
182.5207 	EXP 	comprehension_rating: markerPos = 1.848148148148148
182.5374 	EXP 	comprehension_rating: markerPos = 1.8518518518518519
182.5541 	EXP 	comprehension_rating: markerPos = 1.8592592592592592
182.5707 	EXP 	comprehension_rating: markerPos = 1.874074074074074
182.5874 	EXP 	comprehension_rating: markerPos = 1.8962962962962964
182.6040 	EXP 	comprehension_rating: markerPos = 1.9111111111111112
182.6208 	EXP 	comprehension_rating: markerPos = 1.9259259259259258
182.6375 	EXP 	comprehension_rating: markerPos = 1.9444444444444444
182.6540 	EXP 	comprehension_rating: markerPos = 1.9555555555555555
182.6707 	EXP 	comprehension_rating: markerPos = 1.9666666666666666
182.6875 	EXP 	comprehension_rating: markerPos = 1.974074074074074
182.7041 	EXP 	comprehension_rating: markerPos = 1.9962962962962962
182.7207 	EXP 	comprehension_rating: markerPos = 2.014814814814815
182.7374 	EXP 	comprehension_rating: markerPos = 2.0296296296296297
182.7540 	EXP 	comprehension_rating: markerPos = 2.0407407407407407
182.7707 	EXP 	comprehension_rating: markerPos = 2.0444444444444443
182.7874 	EXP 	comprehension_rating: markerPos = 2.0444444444444443
182.8041 	EXP 	comprehension_rating: markerPos = 2.0444444444444443
182.8207 	EXP 	comprehension_rating: markerPos = 2.0444444444444443
182.8374 	EXP 	comprehension_rating: markerPos = 2.0444444444444443
182.8541 	EXP 	comprehension_rating: markerPos = 2.0444444444444443
182.8708 	EXP 	comprehension_rating: markerPos = 2.0444444444444443
182.8874 	EXP 	comprehension_rating: markerPos = 2.0444444444444443
182.9040 	EXP 	comprehension_rating: markerPos = 2.0444444444444443
182.9207 	EXP 	comprehension_rating: markerPos = 2.0407407407407407
182.9375 	EXP 	comprehension_rating: markerPos = 2.037037037037037
182.9540 	EXP 	comprehension_rating: markerPos = 2.033333333333333
182.9707 	EXP 	comprehension_rating: markerPos = 2.033333333333333
182.9874 	EXP 	comprehension_rating: markerPos = 2.033333333333333
183.0040 	EXP 	comprehension_rating: markerPos = 2.025925925925926
183.0208 	EXP 	comprehension_rating: markerPos = 2.025925925925926
183.0374 	EXP 	comprehension_rating: markerPos = 2.022222222222222
183.0540 	EXP 	comprehension_rating: markerPos = 2.022222222222222
183.0707 	EXP 	comprehension_rating: markerPos = 2.022222222222222
183.0874 	EXP 	comprehension_rating: markerPos = 2.022222222222222
183.1041 	EXP 	comprehension_rating: markerPos = 2.0185185185185186
183.1207 	EXP 	comprehension_rating: markerPos = 2.011111111111111
183.1374 	EXP 	comprehension_rating: markerPos = 2.0037037037037035
183.1540 	EXP 	comprehension_rating: markerPos = 2.0
183.1707 	EXP 	comprehension_rating: markerPos = 1.9962962962962962
183.1874 	EXP 	comprehension_rating: markerPos = 1.9962962962962962
183.2040 	EXP 	comprehension_rating: markerPos = 1.9962962962962962
183.2207 	EXP 	comprehension_rating: markerPos = 1.9925925925925927
183.2375 	EXP 	comprehension_rating: markerPos = 1.9925925925925927
183.2540 	EXP 	comprehension_rating: markerPos = 1.988888888888889
183.2708 	EXP 	comprehension_rating: markerPos = 1.988888888888889
183.2874 	EXP 	comprehension_rating: markerPos = 1.9851851851851852
183.3041 	EXP 	comprehension_rating: markerPos = 1.9851851851851852
183.3207 	EXP 	comprehension_rating: markerPos = 1.9777777777777779
183.3374 	EXP 	comprehension_rating: markerPos = 1.9666666666666666
183.3540 	EXP 	comprehension_rating: markerPos = 1.9592592592592593
183.3707 	EXP 	comprehension_rating: markerPos = 1.951851851851852
183.3873 	EXP 	comprehension_rating: markerPos = 1.9481481481481482
183.4040 	EXP 	comprehension_rating: markerPos = 1.9444444444444444
183.4207 	EXP 	comprehension_rating: markerPos = 1.9444444444444444
183.4374 	EXP 	comprehension_rating: markerPos = 1.9370370370370371
183.4540 	EXP 	comprehension_rating: markerPos = 1.9296296296296296
183.4708 	EXP 	comprehension_rating: markerPos = 1.9222222222222223
183.4874 	EXP 	comprehension_rating: markerPos = 1.9148148148148147
183.5041 	EXP 	comprehension_rating: markerPos = 1.9148148148148147
183.5208 	EXP 	comprehension_rating: markerPos = 1.9148148148148147
183.5374 	EXP 	comprehension_rating: markerPos = 1.9148148148148147
183.5541 	EXP 	comprehension_rating: markerPos = 1.9148148148148147
183.5707 	EXP 	comprehension_rating: markerPos = 1.9148148148148147
183.5874 	EXP 	comprehension_rating: markerPos = 1.9148148148148147
183.6040 	EXP 	comprehension_rating: markerPos = 1.9111111111111112
183.6207 	EXP 	comprehension_rating: markerPos = 1.9111111111111112
183.6374 	EXP 	comprehension_rating: markerPos = 1.9074074074074074
183.6541 	EXP 	comprehension_rating: markerPos = 1.9074074074074074
183.6707 	EXP 	comprehension_rating: markerPos = 1.9074074074074074
183.6874 	EXP 	comprehension_rating: markerPos = 1.9074074074074074
183.7041 	EXP 	comprehension_rating: markerPos = 1.9074074074074074
183.7207 	EXP 	comprehension_rating: markerPos = 1.9074074074074074
183.7374 	EXP 	comprehension_rating: markerPos = 1.9074074074074074
183.7540 	EXP 	comprehension_rating: markerPos = 1.9074074074074074
183.7707 	EXP 	comprehension_rating: markerPos = 1.9074074074074074
183.7874 	EXP 	comprehension_rating: markerPos = 1.9074074074074074
183.8040 	EXP 	comprehension_rating: markerPos = 1.9074074074074074
183.8208 	EXP 	comprehension_rating: markerPos = 1.9074074074074074
183.8378 	EXP 	comprehension_rating: markerPos = 1.9074074074074074
183.8541 	EXP 	comprehension_rating: markerPos = 1.9074074074074074
183.8707 	EXP 	comprehension_rating: markerPos = 1.9074074074074074
183.8874 	EXP 	comprehension_rating: markerPos = 1.9074074074074074
183.9040 	EXP 	comprehension_rating: markerPos = 1.9074074074074074
183.9207 	EXP 	comprehension_rating: markerPos = 1.9074074074074074
183.9373 	EXP 	comprehension_rating: markerPos = 1.9074074074074074
183.9541 	EXP 	comprehension_rating: markerPos = 1.9074074074074074
183.9707 	EXP 	comprehension_rating: markerPos = 1.9074074074074074
183.9874 	EXP 	comprehension_rating: markerPos = 1.9074074074074074
184.0040 	EXP 	comprehension_rating: markerPos = 1.9074074074074074
184.0207 	EXP 	comprehension_rating: markerPos = 1.9074074074074074
184.0373 	EXP 	comprehension_rating: markerPos = 1.9074074074074074
184.0541 	EXP 	comprehension_rating: markerPos = 1.9074074074074074
184.0707 	EXP 	comprehension_rating: markerPos = 1.9074074074074074
184.0874 	EXP 	comprehension_rating: markerPos = 1.9074074074074074
184.1041 	EXP 	comprehension_rating: markerPos = 1.9074074074074074
184.1207 	EXP 	comprehension_rating: markerPos = 1.9074074074074074
184.1373 	EXP 	comprehension_rating: markerPos = 1.9074074074074074
184.1541 	EXP 	comprehension_rating: markerPos = 1.9074074074074074
184.1707 	EXP 	comprehension_rating: markerPos = 1.9074074074074074
184.1874 	EXP 	comprehension_rating: markerPos = 1.9074074074074074
184.2040 	EXP 	comprehension_rating: markerPos = 1.9074074074074074
184.2207 	EXP 	comprehension_rating: markerPos = 1.9074074074074074
184.2373 	EXP 	comprehension_rating: markerPos = 1.9074074074074074
184.2540 	EXP 	comprehension_rating: markerPos = 1.9074074074074074
184.2708 	EXP 	comprehension_rating: markerPos = 1.9074074074074074
184.2874 	EXP 	comprehension_rating: markerPos = 1.9074074074074074
184.3040 	EXP 	comprehension_rating: markerPos = 1.9074074074074074
184.3207 	EXP 	comprehension_rating: markerPos = 1.9074074074074074
184.3373 	EXP 	comprehension_rating: markerPos = 1.9074074074074074
184.3541 	EXP 	comprehension_rating: markerPos = 1.9074074074074074
184.3708 	EXP 	comprehension_rating: markerPos = 1.9074074074074074
184.3875 	EXP 	comprehension_rating: markerPos = 1.9074074074074074
184.4040 	EXP 	comprehension_rating: markerPos = 1.9074074074074074
184.4207 	EXP 	comprehension_rating: markerPos = 1.9074074074074074
184.4374 	EXP 	comprehension_rating: markerPos = 1.9074074074074074
184.4540 	EXP 	comprehension_rating: markerPos = 1.9074074074074074
184.4707 	EXP 	comprehension_rating: markerPos = 1.9074074074074074
184.4873 	EXP 	comprehension_rating: markerPos = 1.9074074074074074
184.5040 	EXP 	comprehension_rating: markerPos = 1.9074074074074074
184.5207 	EXP 	comprehension_rating: markerPos = 1.9074074074074074
184.5373 	EXP 	comprehension_rating: markerPos = 1.9037037037037037
184.5540 	EXP 	comprehension_rating: markerPos = 1.9
184.5707 	EXP 	comprehension_rating: markerPos = 1.9
184.5874 	EXP 	comprehension_rating: markerPos = 1.8962962962962964
184.6040 	EXP 	comprehension_rating: markerPos = 1.8962962962962964
184.6207 	EXP 	comprehension_rating: markerPos = 1.8962962962962964
184.6374 	EXP 	comprehension_rating: markerPos = 1.8962962962962964
184.6540 	EXP 	comprehension_rating: markerPos = 1.8962962962962964
184.6708 	EXP 	comprehension_rating: markerPos = 1.8962962962962964
184.6874 	EXP 	comprehension_rating: markerPos = 1.8962962962962964
184.7042 	EXP 	comprehension_rating: markerPos = 1.8962962962962964
184.7208 	EXP 	comprehension_rating: markerPos = 1.8962962962962964
184.7374 	EXP 	comprehension_rating: markerPos = 1.8925925925925926
184.7541 	EXP 	comprehension_rating: markerPos = 1.862962962962963
184.7706 	EXP 	comprehension_rating: markerPos = 1.8222222222222222
184.7874 	EXP 	comprehension_rating: markerPos = 1.7814814814814814
184.8040 	EXP 	comprehension_rating: markerPos = 1.6851851851851851
184.8207 	EXP 	comprehension_rating: markerPos = 1.5962962962962963
184.8374 	EXP 	comprehension_rating: markerPos = 1.5518518518518518
184.8540 	EXP 	comprehension_rating: markerPos = 1.5444444444444445
184.8707 	EXP 	comprehension_rating: markerPos = 1.5444444444444445
184.8874 	EXP 	comprehension_rating: markerPos = 1.5444444444444445
184.9041 	EXP 	comprehension_rating: markerPos = 1.5444444444444445
184.9207 	EXP 	comprehension_rating: markerPos = 1.5444444444444445
184.9374 	EXP 	comprehension_rating: markerPos = 1.5407407407407407
184.9541 	EXP 	comprehension_rating: markerPos = 1.5407407407407407
184.9707 	EXP 	comprehension_rating: markerPos = 1.5407407407407407
184.9875 	EXP 	comprehension_rating: markerPos = 1.5407407407407407
185.0041 	EXP 	comprehension_rating: markerPos = 1.5407407407407407
185.0207 	EXP 	comprehension_rating: markerPos = 1.5407407407407407
185.0373 	EXP 	comprehension_rating: markerPos = 1.5407407407407407
185.0541 	EXP 	comprehension_rating: markerPos = 1.5407407407407407
185.0707 	EXP 	comprehension_rating: markerPos = 1.5407407407407407
185.0873 	EXP 	comprehension_rating: markerPos = 1.5407407407407407
185.1040 	EXP 	comprehension_rating: markerPos = 1.5407407407407407
185.1206 	EXP 	comprehension_rating: markerPos = 1.5407407407407407
185.1373 	EXP 	comprehension_rating: markerPos = 1.548148148148148
185.1540 	EXP 	comprehension_rating: markerPos = 1.5629629629629629
185.1707 	EXP 	comprehension_rating: markerPos = 1.5814814814814815
185.1873 	EXP 	comprehension_rating: markerPos = 1.6111111111111112
185.2040 	EXP 	comprehension_rating: markerPos = 1.6185185185185185
185.2207 	EXP 	comprehension_rating: markerPos = 1.6222222222222222
185.2374 	EXP 	comprehension_rating: markerPos = 1.6222222222222222
185.2540 	EXP 	comprehension_rating: markerPos = 1.6222222222222222
185.2707 	EXP 	comprehension_rating: markerPos = 1.6222222222222222
185.2874 	EXP 	comprehension_rating: markerPos = 1.6222222222222222
185.3040 	EXP 	comprehension_rating: markerPos = 1.6222222222222222
185.3207 	EXP 	comprehension_rating: markerPos = 1.6222222222222222
185.3373 	EXP 	comprehension_rating: markerPos = 1.6222222222222222
185.3540 	EXP 	comprehension_rating: markerPos = 1.6222222222222222
185.3707 	EXP 	comprehension_rating: markerPos = 1.6222222222222222
185.3874 	EXP 	comprehension_rating: markerPos = 1.6333333333333333
185.4040 	EXP 	comprehension_rating: markerPos = 1.6333333333333333
185.4207 	EXP 	comprehension_rating: markerPos = 1.637037037037037
185.4373 	EXP 	comprehension_rating: markerPos = 1.6407407407407408
185.4541 	EXP 	comprehension_rating: markerPos = 1.6407407407407408
185.4707 	EXP 	comprehension_rating: markerPos = 1.6407407407407408
185.4874 	EXP 	comprehension_rating: markerPos = 1.6407407407407408
185.5040 	EXP 	comprehension_rating: markerPos = 1.6407407407407408
185.5208 	EXP 	comprehension_rating: markerPos = 1.6407407407407408
185.5374 	EXP 	comprehension_rating: markerPos = 1.6407407407407408
185.5382 	DATA 	Mouse:  Left button up, pos=(593,125)
185.5541 	EXP 	comprehension_rating: markerPos = 1.6407407407407408
185.5554 	EXP 	New trial (rep=0, index=1): OrderedDict([('exp1_stim', './stimuli/Resume2.png')])
185.5707 	EXP 	comprehension_question: autoDraw = False
185.5707 	EXP 	comprehension_rating: autoDraw = False
185.5707 	EXP 	text: autoDraw = True
192.1913 	DATA 	Keypress: space
192.2039 	EXP 	text: autoDraw = False
192.2039 	EXP 	job_description: autoDraw = True
209.9692 	EXP 	eyetracker.clearEvents()
209.9753 	EXP 	eyetracker.setRecordingState(True)
209.9761 	DATA 	Keypress: space
209.9869 	EXP 	job_description: autoDraw = False
209.9869 	EXP 	image: image = './stimuli/Resume2.png'
209.9869 	EXP 	image: autoDraw = True
217.8714 	EXP 	eyetracker.setRecordingState(False)
217.8869 	EXP 	image: autoDraw = False
217.8869 	EXP 	candidate_rating: markerPos = None
217.8869 	EXP 	candidate_rating: markerPos = None
217.8869 	EXP 	candidate_rating_question: autoDraw = True
217.8869 	EXP 	candidate_rating: autoDraw = True
243.2390 	DATA 	Mouse: Left button down, pos=(702,115)
243.2698 	EXP 	candidate_rating: markerPos = 2.0444444444444443
243.2863 	EXP 	candidate_rating: markerPos = 2.0444444444444443
243.3030 	EXP 	candidate_rating: markerPos = 2.0444444444444443
243.3197 	EXP 	candidate_rating: markerPos = 2.0444444444444443
243.3363 	EXP 	candidate_rating: markerPos = 2.0444444444444443
243.3531 	EXP 	candidate_rating: markerPos = 2.0407407407407407
243.3698 	EXP 	candidate_rating: markerPos = 2.0407407407407407
243.3865 	EXP 	candidate_rating: markerPos = 2.037037037037037
243.4031 	EXP 	candidate_rating: markerPos = 2.037037037037037
243.4198 	EXP 	candidate_rating: markerPos = 2.025925925925926
243.4365 	EXP 	candidate_rating: markerPos = 2.0185185185185186
243.4531 	EXP 	candidate_rating: markerPos = 2.014814814814815
243.4698 	EXP 	candidate_rating: markerPos = 2.011111111111111
243.4865 	EXP 	candidate_rating: markerPos = 2.011111111111111
243.5031 	EXP 	candidate_rating: markerPos = 2.011111111111111
243.5198 	EXP 	candidate_rating: markerPos = 2.011111111111111
243.5365 	EXP 	candidate_rating: markerPos = 2.011111111111111
243.5531 	EXP 	candidate_rating: markerPos = 2.011111111111111
243.5697 	EXP 	candidate_rating: markerPos = 2.011111111111111
243.5721 	DATA 	Mouse:  Left button up, pos=(693,110)
243.5864 	EXP 	candidate_rating: markerPos = 2.011111111111111
243.6030 	EXP 	candidate_rating: markerPos = 2.011111111111111
243.6198 	EXP 	candidate_rating_question: autoDraw = False
243.6198 	EXP 	candidate_rating: autoDraw = False
243.6198 	EXP 	image_clarity_rating: markerPos = None
243.6198 	EXP 	image_clarity_rating: markerPos = None
243.6198 	EXP 	image_clarity_question: autoDraw = True
243.6198 	EXP 	image_clarity_rating: autoDraw = True
248.9712 	DATA 	Mouse: Left button down, pos=(814,113)
248.9863 	EXP 	image_clarity_rating: markerPos = 2.4592592592592593
249.0030 	EXP 	image_clarity_rating: markerPos = 2.533333333333333
249.0197 	EXP 	image_clarity_rating: markerPos = 2.5814814814814815
249.0363 	EXP 	image_clarity_rating: markerPos = 2.6
249.0531 	EXP 	image_clarity_rating: markerPos = 2.6148148148148147
249.0697 	EXP 	image_clarity_rating: markerPos = 2.6185185185185187
249.0863 	EXP 	image_clarity_rating: markerPos = 2.6222222222222222
249.1029 	EXP 	image_clarity_rating: markerPos = 2.6259259259259258
249.1196 	EXP 	image_clarity_rating: markerPos = 2.6296296296296298
249.1363 	EXP 	image_clarity_rating: markerPos = 2.637037037037037
249.1530 	EXP 	image_clarity_rating: markerPos = 2.6444444444444444
249.1697 	EXP 	image_clarity_rating: markerPos = 2.648148148148148
249.1864 	EXP 	image_clarity_rating: markerPos = 2.651851851851852
249.2030 	EXP 	image_clarity_rating: markerPos = 2.651851851851852
249.2197 	EXP 	image_clarity_rating: markerPos = 2.651851851851852
249.2364 	EXP 	image_clarity_rating: markerPos = 2.651851851851852
249.2530 	EXP 	image_clarity_rating: markerPos = 2.651851851851852
249.2555 	DATA 	Mouse:  Left button up, pos=(866,113)
249.2697 	EXP 	image_clarity_rating: markerPos = 2.651851851851852
249.2864 	EXP 	image_clarity_rating: markerPos = 2.651851851851852
249.3031 	EXP 	image_clarity_question: autoDraw = False
249.3031 	EXP 	image_clarity_rating: autoDraw = False
249.3031 	EXP 	comprehension_rating: markerPos = None
249.3031 	EXP 	comprehension_rating: markerPos = None
249.3031 	EXP 	comprehension_question: autoDraw = True
249.3031 	EXP 	comprehension_rating: autoDraw = True
251.8703 	DATA 	Mouse: Left button down, pos=(870,110)
251.8864 	EXP 	comprehension_rating: markerPos = 2.666666666666667
251.9030 	EXP 	comprehension_rating: markerPos = 2.666666666666667
251.9197 	EXP 	comprehension_rating: markerPos = 2.651851851851852
251.9363 	EXP 	comprehension_rating: markerPos = 2.6333333333333333
251.9529 	EXP 	comprehension_rating: markerPos = 2.6074074074074076
251.9695 	EXP 	comprehension_rating: markerPos = 2.5851851851851855
251.9862 	EXP 	comprehension_rating: markerPos = 2.5666666666666664
252.0029 	EXP 	comprehension_rating: markerPos = 2.5592592592592593
252.0196 	EXP 	comprehension_rating: markerPos = 2.503703703703704
252.0363 	EXP 	comprehension_rating: markerPos = 2.437037037037037
252.0529 	EXP 	comprehension_rating: markerPos = 2.3740740740740742
252.0697 	EXP 	comprehension_rating: markerPos = 2.3333333333333335
252.0862 	EXP 	comprehension_rating: markerPos = 2.3
252.1030 	EXP 	comprehension_rating: markerPos = 2.2703703703703706
252.1197 	EXP 	comprehension_rating: markerPos = 2.2555555555555555
252.1363 	EXP 	comprehension_rating: markerPos = 2.248148148148148
252.1368 	DATA 	Mouse:  Left button up, pos=(757,106)
252.1530 	EXP 	comprehension_rating: markerPos = 2.248148148148148
252.1663 	EXP 	Imported exp2_stim.csv as conditions, 2 conditions, 1 params
252.1665 	EXP 	Created sequence: random, trialTypes=2, nReps=1, seed=None
252.1666 	EXP 	New trial (rep=0, index=0): OrderedDict([('exp2_stim', './stimuli/Resume4.png')])
252.1695 	EXP 	comprehension_question: autoDraw = False
252.1695 	EXP 	comprehension_rating: autoDraw = False
252.1695 	EXP 	text: autoDraw = True
256.4702 	DATA 	Keypress: space
256.4862 	EXP 	text: autoDraw = False
256.4862 	EXP 	job_description: autoDraw = True
267.9292 	EXP 	eyetracker.clearEvents()
267.9295 	EXP 	eyetracker.setRecordingState(True)
267.9303 	DATA 	Keypress: space
267.9364 	EXP 	job_description: autoDraw = False
267.9364 	EXP 	image_2: image = './stimuli/Resume4.png'
267.9364 	EXP 	image_2: autoDraw = True
275.7567 	EXP 	eyetracker.setRecordingState(False)
275.7693 	EXP 	image_2: autoDraw = False
275.7693 	EXP 	candidate_rating: markerPos = None
275.7693 	EXP 	candidate_rating: markerPos = None
275.7693 	EXP 	candidate_rating_question: autoDraw = True
275.7693 	EXP 	candidate_rating: autoDraw = True
279.2034 	DATA 	Mouse: Left button down, pos=(1130,93)
279.2192 	EXP 	candidate_rating: markerPos = 3.6222222222222222
279.2358 	EXP 	candidate_rating: markerPos = 3.6222222222222222
279.2525 	EXP 	candidate_rating: markerPos = 3.6222222222222222
279.2691 	EXP 	candidate_rating: markerPos = 3.6222222222222222
279.2857 	EXP 	candidate_rating: markerPos = 3.6222222222222222
279.2884 	DATA 	Mouse:  Left button up, pos=(1128,54)
279.3024 	EXP 	candidate_rating: markerPos = 3.6222222222222222
279.3191 	EXP 	candidate_rating: markerPos = 3.6222222222222222
279.3359 	EXP 	candidate_rating_question: autoDraw = False
279.3359 	EXP 	candidate_rating: autoDraw = False
279.3359 	EXP 	image_clarity_rating: markerPos = None
279.3359 	EXP 	image_clarity_rating: markerPos = None
279.3359 	EXP 	image_clarity_question: autoDraw = True
279.3359 	EXP 	image_clarity_rating: autoDraw = True
282.4381 	DATA 	Mouse: Left button down, pos=(970,108)
282.4691 	EXP 	image_clarity_rating: markerPos = 3.037037037037037
282.4858 	EXP 	image_clarity_rating: markerPos = 3.037037037037037
282.5024 	EXP 	image_clarity_rating: markerPos = 3.037037037037037
282.5191 	EXP 	image_clarity_rating: markerPos = 3.037037037037037
282.5358 	EXP 	image_clarity_rating: markerPos = 3.037037037037037
282.5524 	EXP 	image_clarity_rating: markerPos = 3.037037037037037
282.5691 	EXP 	image_clarity_rating: markerPos = 3.037037037037037
282.5716 	DATA 	Mouse:  Left button up, pos=(970,108)
282.5858 	EXP 	image_clarity_rating: markerPos = 3.037037037037037
282.6024 	EXP 	image_clarity_rating: markerPos = 3.037037037037037
282.6191 	EXP 	image_clarity_question: autoDraw = False
282.6191 	EXP 	image_clarity_rating: autoDraw = False
282.6191 	EXP 	comprehension_rating: markerPos = None
282.6191 	EXP 	comprehension_rating: markerPos = None
282.6191 	EXP 	comprehension_question: autoDraw = True
282.6191 	EXP 	comprehension_rating: autoDraw = True
284.8368 	DATA 	Mouse: Left button down, pos=(921,116)
284.8523 	EXP 	comprehension_rating: markerPos = 2.8555555555555556
284.8690 	EXP 	comprehension_rating: markerPos = 2.8555555555555556
284.8857 	EXP 	comprehension_rating: markerPos = 2.8555555555555556
284.9024 	EXP 	comprehension_rating: markerPos = 2.8555555555555556
284.9191 	EXP 	comprehension_rating: markerPos = 2.8555555555555556
284.9358 	EXP 	comprehension_rating: markerPos = 2.8555555555555556
284.9366 	DATA 	Mouse:  Left button up, pos=(921,116)
284.9524 	EXP 	comprehension_rating: markerPos = 2.8555555555555556
284.9536 	EXP 	New trial (rep=0, index=1): OrderedDict([('exp2_stim', './stimuli/Resume3.png')])
284.9692 	EXP 	comprehension_question: autoDraw = False
284.9692 	EXP 	comprehension_rating: autoDraw = False
284.9692 	EXP 	text: autoDraw = True
287.1531 	DATA 	Keypress: space
287.1690 	EXP 	text: autoDraw = False
287.1690 	EXP 	job_description: autoDraw = True
294.2335 	EXP 	eyetracker.clearEvents()
294.2393 	EXP 	eyetracker.setRecordingState(True)
294.2400 	DATA 	Keypress: space
294.2524 	EXP 	job_description: autoDraw = False
294.2524 	EXP 	image_2: image = './stimuli/Resume3.png'
294.2524 	EXP 	image_2: autoDraw = True
302.1190 	EXP 	eyetracker.setRecordingState(False)
302.1355 	EXP 	image_2: autoDraw = False
302.1355 	EXP 	candidate_rating: markerPos = None
302.1355 	EXP 	candidate_rating: markerPos = None
302.1355 	EXP 	candidate_rating_question: autoDraw = True
302.1355 	EXP 	candidate_rating: autoDraw = True
313.1374 	DATA 	Mouse: Left button down, pos=(1225,108)
313.1686 	EXP 	candidate_rating: markerPos = 3.9814814814814814
313.1853 	EXP 	candidate_rating: markerPos = 3.9814814814814814
313.2019 	EXP 	candidate_rating: markerPos = 3.9814814814814814
313.2186 	EXP 	candidate_rating: markerPos = 3.9814814814814814
313.2353 	EXP 	candidate_rating: markerPos = 3.9814814814814814
313.2519 	EXP 	candidate_rating: markerPos = 3.9814814814814814
313.2526 	DATA 	Mouse:  Left button up, pos=(1225,108)
313.2687 	EXP 	candidate_rating: markerPos = 3.9814814814814814
313.2854 	EXP 	candidate_rating_question: autoDraw = False
313.2854 	EXP 	candidate_rating: autoDraw = False
313.2854 	EXP 	image_clarity_rating: markerPos = None
313.2854 	EXP 	image_clarity_rating: markerPos = None
313.2854 	EXP 	image_clarity_question: autoDraw = True
313.2854 	EXP 	image_clarity_rating: autoDraw = True
319.6360 	DATA 	Mouse: Left button down, pos=(952,106)
319.6518 	EXP 	image_clarity_rating: markerPos = 2.9703703703703703
319.6686 	EXP 	image_clarity_rating: markerPos = 2.9703703703703703
319.6852 	EXP 	image_clarity_rating: markerPos = 2.9703703703703703
319.7018 	EXP 	image_clarity_rating: markerPos = 2.9703703703703703
319.7184 	EXP 	image_clarity_rating: markerPos = 2.9703703703703703
319.7352 	EXP 	image_clarity_rating: markerPos = 2.9703703703703703
319.7519 	EXP 	image_clarity_rating: markerPos = 2.9703703703703703
319.7547 	DATA 	Mouse:  Left button up, pos=(952,106)
319.7685 	EXP 	image_clarity_rating: markerPos = 2.9703703703703703
319.7851 	EXP 	image_clarity_rating: markerPos = 2.9703703703703703
319.8019 	EXP 	image_clarity_question: autoDraw = False
319.8019 	EXP 	image_clarity_rating: autoDraw = False
319.8019 	EXP 	comprehension_rating: markerPos = None
319.8019 	EXP 	comprehension_rating: markerPos = None
319.8019 	EXP 	comprehension_question: autoDraw = True
319.8019 	EXP 	comprehension_rating: autoDraw = True
324.4026 	DATA 	Mouse: Left button down, pos=(940,114)
324.4184 	EXP 	comprehension_rating: markerPos = 2.925925925925926
324.4351 	EXP 	comprehension_rating: markerPos = 2.925925925925926
324.4517 	EXP 	comprehension_rating: markerPos = 2.925925925925926
324.4546 	DATA 	Mouse:  Left button up, pos=(940,114)
324.4684 	EXP 	comprehension_rating: markerPos = 2.925925925925926
324.4851 	EXP 	comprehension_rating: markerPos = 2.925925925925926
324.5018 	EXP 	comprehension_question: autoDraw = False
324.5018 	EXP 	comprehension_rating: autoDraw = False
325.3409 	EXP 	window1: mouseVisible = True
