21.5142 	EXP 	Created window1 = Window(allowGUI=True, allowStencil=False, autoLog=True, backendConf=UNKNOWN, backgroundFit=<method-wrapper '__getattribute__' of attributeSetter object at 0x000002168BD21B20>, backgroundImage=<method-wrapper '__getattribute__' of attributeSetter object at 0x000002168BD21AC0>, bitsMode=UNKNOWN, blendMode='avg', bpc=(8, 8, 8), color=array([0, 0, 0]), colorSpace='rgb', depthBits=8, fullscr=<method-wrapper '__getattribute__' of attributeSetter object at 0x000002168BD217F0>, gamma=None, gammaErrorPolicy='raise', lms=UNKNOWN, monitor=<psychopy.monitors.calibTools.Monitor object at 0x00000216926443D0>, multiSample=False, name='window1', numSamples=2, pos=(0, 0), screen=0, size=array([1920, 1080]), stencilBits=0, stereo=False, units='height', useFBO=True, useRetina=False, viewOri=0.0, viewPos=None, viewScale=None, waitBlanking=True, winType='pyglet')
21.5142 	EXP 	window1: mouseVisible = True
21.5142 	EXP 	window1: backgroundImage = ''
21.5142 	EXP 	window1: backgroundFit = 'none'
21.5143 	EXP 	window1: mouseVisible = False
21.5143 	EXP 	window1: Attempting to measure frame rate of screen (0) ...
21.5143 	EXP 	window1: recordFrameIntervals = False
21.6795 	EXP 	window1: recordFrameIntervals = True
21.8628 	EXP 	Screen (0) actual frame rate measured at 59.98Hz
21.8628 	EXP 	window1: recordFrameIntervals = False
23.7436 	EXP 	Created calib_instr_text = TextStim(__class__=<class 'psychopy.visual.text.TextStim'>, alignHoriz=method-wrapper(...), alignText='center', alignVert=method-wrapper(...), anchorHoriz='center', anchorVert='center', antialias=True, autoDraw=False, autoLog=True, bold=False, color=array([1., 1., 1.]), colorSpace='rgb', contrast=1.0, depth=0.0, flipHoriz=False, flipVert=False, font='Open Sans', fontFiles=[], height=0.05, italic=False, languageStyle='LTR', name='calib_instr_text', opacity=1.0, ori=0.0, pos=array([0., 0.]), rgb=UNKNOWN, text=str(...), units='height', win=Window(...), wrapWidth=1)
23.7441 	EXP 	Created calib_text = TextStim(__class__=<class 'psychopy.visual.text.TextStim'>, alignHoriz=method-wrapper(...), alignText='center', alignVert=method-wrapper(...), anchorHoriz='center', anchorVert='center', antialias=True, autoDraw=False, autoLog=True, bold=False, color=array([1., 1., 1.]), colorSpace='rgb', contrast=1.0, depth=-1.0, flipHoriz=False, flipVert=False, font='Open Sans', fontFiles=[], height=0.05, italic=False, languageStyle='LTR', name='calib_text', opacity=1.0, ori=0.0, pos=array([0., 0.]), rgb=UNKNOWN, text='', units='height', win=Window(...), wrapWidth=1)
23.7623 	EXP 	Created image = ImageStim(__class__=<class 'psychopy.visual.image.ImageStim'>, anchor=('center', 'center'), autoLog=True, color=array([1., 1., 1.]), colorSpace='rgb', contrast=1.0, depth=0.0, flipHoriz=False, flipVert=False, image='default.png', interpolate=True, mask=None, maskParams=None, name='image', opacity=1.0, ori=0.0, pos=array([0., 0.]), size=array([0.5, 0.5]), texRes=128.0, units='height', win=Window(...))
23.7795 	EXP 	calib_instr_text: autoDraw = True
27.2964 	EXP 	Created sequence: sequential, trialTypes=1, nReps=10, seed=None
27.2965 	EXP 	New trial (rep=0, index=0): None
27.3035 	EXP 	Created calibrationTarget = ShapeStim(__class__=<class 'psychopy.visual.shape.ShapeStim'>, anchor=('center', 'center'), autoDraw=False, autoLog=True, closeShape=True, color=method-wrapper(...), colorSpace='rgb', contrast=None, depth=0, fillColor=array([0, 0, 0]), fillColorSpace='rgb', fillRGB=array([0, 0, 0]), interpolate=True, lineColor=array([-1., -1., -1.]), lineColorSpace='rgb', lineRGB=array([-1, -1, -1]), lineWidth=2.0, name='calibrationTarget', opacity=1.0, ori=0.0, pos=array([0., 0.]), size=array([0.02, 0.02]), units='height', vertices=ndarray(...), win=Window(...), windingRule=None)
27.3051 	EXP 	Created calibrationTargetInner = ShapeStim(__class__=<class 'psychopy.visual.shape.ShapeStim'>, anchor=('center', 'center'), autoDraw=False, autoLog=True, closeShape=True, color=method-wrapper(...), colorSpace='rgb', contrast=None, depth=0, fillColor=array([-1.        ,  0.00392157, -1.        ]), fillColorSpace='rgb', fillRGB=array([-1.        ,  0.00392157, -1.        ]), interpolate=True, lineColor=array([-1., -1., -1.]), lineColorSpace='rgb', lineRGB=array([-1, -1, -1]), lineWidth=2.0, name='calibrationTargetInner', opacity=1.0, ori=0.0, pos=array([0., 0.]), size=array([0.007, 0.007]), units='height', vertices=ndarray(...), win=Window(...), windingRule=None)
55.6253 	DATA 	Keypress: space
55.6274 	EXP 	calib_instr_text: autoDraw = False
55.6297 	EXP 	Created validationTarget = ShapeStim(__class__=<class 'psychopy.visual.shape.ShapeStim'>, anchor=('center', 'center'), autoDraw=False, autoLog=True, closeShape=True, color=method-wrapper(...), colorSpace='rgb', contrast=None, depth=0, fillColor=array([0, 0, 0]), fillColorSpace='rgb', fillRGB=array([0, 0, 0]), interpolate=True, lineColor=array([-1., -1., -1.]), lineColorSpace='rgb', lineRGB=array([-1, -1, -1]), lineWidth=2.0, name='validationTarget', opacity=1.0, ori=0.0, pos=array([0., 0.]), size=array([0.02, 0.02]), units='height', vertices=ndarray(...), win=Window(...), windingRule=None)
55.6325 	EXP 	Created validationTargetInner = ShapeStim(__class__=<class 'psychopy.visual.shape.ShapeStim'>, anchor=('center', 'center'), autoDraw=False, autoLog=True, closeShape=True, color=method-wrapper(...), colorSpace='rgb', contrast=None, depth=0, fillColor=array([-1.        ,  0.00392157, -1.        ]), fillColorSpace='rgb', fillRGB=array([-1.        ,  0.00392157, -1.        ]), interpolate=True, lineColor=array([-1., -1., -1.]), lineColorSpace='rgb', lineRGB=array([-1, -1, -1]), lineWidth=2.0, name='validationTargetInner', opacity=1.0, ori=0.0, pos=array([0., 0.]), size=array([0.007, 0.007]), units='height', vertices=ndarray(...), win=Window(...), windingRule=None)
56.6859 	EXP 	Created unnamed GratingStim = GratingStim(__class__=<class 'psychopy.visual.grating.GratingStim'>, anchor='center', autoDraw=False, autoLog=True, blendmode='avg', color=array([-1.        ,  0.00392157, -1.        ]), colorSpace='rgb', contrast=1.0, depth=0, interpolate=False, mask='gauss', maskParams=None, name='unnamed GratingStim', opacity=0.8, ori=0.0, phase=array([0., 0.]), pos=array([0., 0.]), rgbPedestal=array([0., 0., 0.]), sf=array([0.00981534, 0.00981534]), size=array([101.881344, 101.881344]), tex=None, texRes=128, units='pix', win=Window(...))
76.0176 	EXP 	Created unnamed TextStim = TextStim(__class__=<class 'psychopy.visual.text.TextStim'>, alignHoriz=method-wrapper(...), alignText='center', alignVert=method-wrapper(...), anchorHoriz='center', anchorVert='center', antialias=True, autoDraw=False, autoLog=True, bold=False, color=array([0., 0., 0.]), colorSpace='rgb255', contrast=1.0, depth=0, flipHoriz=False, flipVert=False, font='', fontFiles=[], height=24.0, italic=False, languageStyle='LTR', name='unnamed TextStim', opacity=1.0, ori=0.0, pos=array([  0., 513.]), rgb=UNKNOWN, text=str(...), units='pix', win=Window(...), wrapWidth=1536.0)
76.0225 	EXP 	Created unnamed TextStim = TextStim(__class__=<class 'psychopy.visual.text.TextStim'>, alignHoriz=method-wrapper(...), alignText='center', alignVert=method-wrapper(...), anchorHoriz='center', anchorVert='center', antialias=True, autoDraw=False, autoLog=True, bold=True, color=array([0., 0., 0.]), colorSpace='rgb255', contrast=1.0, depth=0, flipHoriz=False, flipVert=False, font='', fontFiles=[], height=20.0, italic=False, languageStyle='LTR', name='unnamed TextStim', opacity=1.0, ori=0.0, pos=array([   0., -513.]), rgb=UNKNOWN, text='Press SPACE to continue.', units='pix', win=Window(...), wrapWidth=1536.0)
78.2702 	DATA 	Keypress: space
78.2781 	EXP 	calib_text: height = 0.05
78.2781 	EXP 	calib_text: height = 0.05
78.2781 	EXP 	calib_text: height = 0.05
78.2781 	EXP 	calib_text: text = 'Average error is: 43.730000\n\nValid points: 9\n\nRecalibrate (y/n)?'
78.2781 	EXP 	calib_text: autoDraw = True
81.8477 	EXP 	Imported stim.csv as conditions, 6 conditions, 1 params
81.8479 	EXP 	Created sequence: random, trialTypes=6, nReps=1, seed=None
81.8480 	EXP 	New trial (rep=0, index=0): OrderedDict([('stim', './stimuli/museum_signage_2.jpg')])
81.9516 	EXP 	eyetracker.clearEvents()
81.9580 	EXP 	eyetracker.setRecordingState(True)
81.9595 	DATA 	Keypress: n
81.9614 	EXP 	calib_text: autoDraw = False
81.9614 	EXP 	image: image = './stimuli/museum_signage_2.jpg'
81.9614 	EXP 	image: autoDraw = True
89.8504 	EXP 	eyetracker.setRecordingState(False)
89.8505 	EXP 	New trial (rep=0, index=1): OrderedDict([('stim', './stimuli/museum_signage_3.jpg')])
89.9124 	EXP 	eyetracker.clearEvents()
89.9162 	EXP 	eyetracker.setRecordingState(True)
89.9278 	EXP 	image: autoDraw = False
89.9278 	EXP 	image: image = './stimuli/museum_signage_3.jpg'
89.9278 	EXP 	image: autoDraw = True
97.8484 	EXP 	eyetracker.setRecordingState(False)
97.8486 	EXP 	New trial (rep=0, index=2): OrderedDict([('stim', './stimuli/museum_signage_1.jpg')])
97.9020 	EXP 	eyetracker.clearEvents()
97.9055 	EXP 	eyetracker.setRecordingState(True)
97.9111 	EXP 	image: autoDraw = False
97.9111 	EXP 	image: image = './stimuli/museum_signage_1.jpg'
97.9111 	EXP 	image: autoDraw = True
105.8484 	EXP 	eyetracker.setRecordingState(False)
105.8485 	EXP 	New trial (rep=0, index=3): OrderedDict([('stim', './stimuli/museum_signage_6.jpg')])
105.9062 	EXP 	eyetracker.clearEvents()
105.9112 	EXP 	eyetracker.setRecordingState(True)
105.9275 	EXP 	image: autoDraw = False
105.9275 	EXP 	image: image = './stimuli/museum_signage_6.jpg'
105.9275 	EXP 	image: autoDraw = True
113.8488 	EXP 	eyetracker.setRecordingState(False)
113.8489 	EXP 	New trial (rep=0, index=4): OrderedDict([('stim', './stimuli/museum_signage_4.jpg')])
113.9046 	EXP 	eyetracker.clearEvents()
113.9088 	EXP 	eyetracker.setRecordingState(True)
113.9275 	EXP 	image: autoDraw = False
113.9275 	EXP 	image: image = './stimuli/museum_signage_4.jpg'
113.9275 	EXP 	image: autoDraw = True
121.8483 	EXP 	eyetracker.setRecordingState(False)
121.8484 	EXP 	New trial (rep=0, index=5): OrderedDict([('stim', './stimuli/museum_signage_5.jpg')])
121.9014 	EXP 	eyetracker.clearEvents()
121.9055 	EXP 	eyetracker.setRecordingState(True)
121.9106 	EXP 	image: autoDraw = False
121.9106 	EXP 	image: image = './stimuli/museum_signage_5.jpg'
121.9106 	EXP 	image: autoDraw = True
129.8477 	EXP 	eyetracker.setRecordingState(False)
129.8605 	EXP 	image: autoDraw = False
130.0503 	EXP 	window1: mouseVisible = True
